INFO - 2023-08-05 03:49:03 --> Session: Class initialized using 'CodeIgniter\Session\Handlers\FileHandler' driver.
INFO - 2023-08-05 03:49:11 --> Session: Class initialized using 'CodeIgniter\Session\Handlers\FileHandler' driver.
INFO - 2023-08-05 03:49:12 --> Session: Class initialized using 'CodeIgniter\Session\Handlers\FileHandler' driver.
INFO - 2023-08-05 03:49:12 --> Session: Class initialized using 'CodeIgniter\Session\Handlers\FileHandler' driver.
INFO - 2023-08-05 03:49:17 --> Session: Class initialized using 'CodeIgniter\Session\Handlers\FileHandler' driver.
INFO - 2023-08-05 03:53:11 --> Session: Class initialized using 'CodeIgniter\Session\Handlers\FileHandler' driver.
INFO - 2023-08-05 03:53:14 --> Session: Class initialized using 'CodeIgniter\Session\Handlers\FileHandler' driver.
INFO - 2023-08-05 03:54:42 --> Session: Class initialized using 'CodeIgniter\Session\Handlers\FileHandler' driver.
INFO - 2023-08-05 03:54:44 --> Session: Class initialized using 'CodeIgniter\Session\Handlers\FileHandler' driver.
INFO - 2023-08-05 03:54:44 --> Session: Class initialized using 'CodeIgniter\Session\Handlers\FileHandler' driver.
INFO - 2023-08-05 03:56:34 --> Session: Class initialized using 'CodeIgniter\Session\Handlers\FileHandler' driver.
INFO - 2023-08-05 03:56:36 --> Session: Class initialized using 'CodeIgniter\Session\Handlers\FileHandler' driver.
INFO - 2023-08-05 03:56:37 --> Session: Class initialized using 'CodeIgniter\Session\Handlers\FileHandler' driver.
INFO - 2023-08-05 03:57:23 --> Session: Class initialized using 'CodeIgniter\Session\Handlers\FileHandler' driver.
INFO - 2023-08-05 03:58:17 --> Session: Class initialized using 'CodeIgniter\Session\Handlers\FileHandler' driver.
INFO - 2023-08-05 03:58:18 --> Session: Class initialized using 'CodeIgniter\Session\Handlers\FileHandler' driver.
INFO - 2023-08-05 03:58:18 --> Session: Class initialized using 'CodeIgniter\Session\Handlers\FileHandler' driver.
INFO - 2023-08-05 03:58:22 --> Session: Class initialized using 'CodeIgniter\Session\Handlers\FileHandler' driver.
CRITICAL - 2023-08-05 03:58:22 --> Call to a member function isValid() on null
in APPPATH\Controllers\Jadwal.php on line 26.
 1 SYSTEMPATH\CodeIgniter.php(932): App\Controllers\Jadwal->create()
 2 SYSTEMPATH\CodeIgniter.php(497): CodeIgniter\CodeIgniter->runController(Object(App\Controllers\Jadwal))
 3 SYSTEMPATH\CodeIgniter.php(366): CodeIgniter\CodeIgniter->handleRequest(null, Object(Config\Cache), false)
 4 FCPATH\index.php(67): CodeIgniter\CodeIgniter->run()
 5 SYSTEMPATH\Commands\Server\rewrite.php(47): require_once('E:\\pendaftaran-basket\\public\\index.php')
INFO - 2023-08-05 04:01:54 --> Session: Class initialized using 'CodeIgniter\Session\Handlers\FileHandler' driver.
CRITICAL - 2023-08-05 04:01:54 --> Call to a member function isValid() on null
in APPPATH\Controllers\Jadwal.php on line 27.
 1 SYSTEMPATH\CodeIgniter.php(932): App\Controllers\Jadwal->create()
 2 SYSTEMPATH\CodeIgniter.php(497): CodeIgniter\CodeIgniter->runController(Object(App\Controllers\Jadwal))
 3 SYSTEMPATH\CodeIgniter.php(366): CodeIgniter\CodeIgniter->handleRequest(null, Object(Config\Cache), false)
 4 FCPATH\index.php(67): CodeIgniter\CodeIgniter->run()
 5 SYSTEMPATH\Commands\Server\rewrite.php(47): require_once('E:\\pendaftaran-basket\\public\\index.php')
INFO - 2023-08-05 04:02:32 --> Session: Class initialized using 'CodeIgniter\Session\Handlers\FileHandler' driver.
CRITICAL - 2023-08-05 04:02:32 --> Call to a member function isValid() on null
in APPPATH\Controllers\Jadwal.php on line 27.
 1 SYSTEMPATH\CodeIgniter.php(932): App\Controllers\Jadwal->create()
 2 SYSTEMPATH\CodeIgniter.php(497): CodeIgniter\CodeIgniter->runController(Object(App\Controllers\Jadwal))
 3 SYSTEMPATH\CodeIgniter.php(366): CodeIgniter\CodeIgniter->handleRequest(null, Object(Config\Cache), false)
 4 FCPATH\index.php(67): CodeIgniter\CodeIgniter->run()
 5 SYSTEMPATH\Commands\Server\rewrite.php(47): require_once('E:\\pendaftaran-basket\\public\\index.php')
INFO - 2023-08-05 04:02:34 --> Session: Class initialized using 'CodeIgniter\Session\Handlers\FileHandler' driver.
CRITICAL - 2023-08-05 04:02:34 --> Call to a member function isValid() on null
in APPPATH\Controllers\Jadwal.php on line 27.
 1 SYSTEMPATH\CodeIgniter.php(932): App\Controllers\Jadwal->create()
 2 SYSTEMPATH\CodeIgniter.php(497): CodeIgniter\CodeIgniter->runController(Object(App\Controllers\Jadwal))
 3 SYSTEMPATH\CodeIgniter.php(366): CodeIgniter\CodeIgniter->handleRequest(null, Object(Config\Cache), false)
 4 FCPATH\index.php(67): CodeIgniter\CodeIgniter->run()
 5 SYSTEMPATH\Commands\Server\rewrite.php(47): require_once('E:\\pendaftaran-basket\\public\\index.php')
INFO - 2023-08-05 04:02:35 --> Session: Class initialized using 'CodeIgniter\Session\Handlers\FileHandler' driver.
CRITICAL - 2023-08-05 04:02:35 --> Call to a member function isValid() on null
in APPPATH\Controllers\Jadwal.php on line 27.
 1 SYSTEMPATH\CodeIgniter.php(932): App\Controllers\Jadwal->create()
 2 SYSTEMPATH\CodeIgniter.php(497): CodeIgniter\CodeIgniter->runController(Object(App\Controllers\Jadwal))
 3 SYSTEMPATH\CodeIgniter.php(366): CodeIgniter\CodeIgniter->handleRequest(null, Object(Config\Cache), false)
 4 FCPATH\index.php(67): CodeIgniter\CodeIgniter->run()
 5 SYSTEMPATH\Commands\Server\rewrite.php(47): require_once('E:\\pendaftaran-basket\\public\\index.php')
INFO - 2023-08-05 04:02:39 --> Session: Class initialized using 'CodeIgniter\Session\Handlers\FileHandler' driver.
CRITICAL - 2023-08-05 04:02:39 --> Call to a member function isValid() on null
in APPPATH\Controllers\Jadwal.php on line 27.
 1 SYSTEMPATH\CodeIgniter.php(932): App\Controllers\Jadwal->create()
 2 SYSTEMPATH\CodeIgniter.php(497): CodeIgniter\CodeIgniter->runController(Object(App\Controllers\Jadwal))
 3 SYSTEMPATH\CodeIgniter.php(366): CodeIgniter\CodeIgniter->handleRequest(null, Object(Config\Cache), false)
 4 FCPATH\index.php(67): CodeIgniter\CodeIgniter->run()
 5 SYSTEMPATH\Commands\Server\rewrite.php(47): require_once('E:\\pendaftaran-basket\\public\\index.php')
INFO - 2023-08-05 04:02:40 --> Session: Class initialized using 'CodeIgniter\Session\Handlers\FileHandler' driver.
CRITICAL - 2023-08-05 04:02:40 --> Call to a member function isValid() on null
in APPPATH\Controllers\Jadwal.php on line 27.
 1 SYSTEMPATH\CodeIgniter.php(932): App\Controllers\Jadwal->create()
 2 SYSTEMPATH\CodeIgniter.php(497): CodeIgniter\CodeIgniter->runController(Object(App\Controllers\Jadwal))
 3 SYSTEMPATH\CodeIgniter.php(366): CodeIgniter\CodeIgniter->handleRequest(null, Object(Config\Cache), false)
 4 FCPATH\index.php(67): CodeIgniter\CodeIgniter->run()
 5 SYSTEMPATH\Commands\Server\rewrite.php(47): require_once('E:\\pendaftaran-basket\\public\\index.php')
INFO - 2023-08-05 04:02:41 --> Session: Class initialized using 'CodeIgniter\Session\Handlers\FileHandler' driver.
CRITICAL - 2023-08-05 04:02:41 --> Call to a member function isValid() on null
in APPPATH\Controllers\Jadwal.php on line 27.
 1 SYSTEMPATH\CodeIgniter.php(932): App\Controllers\Jadwal->create()
 2 SYSTEMPATH\CodeIgniter.php(497): CodeIgniter\CodeIgniter->runController(Object(App\Controllers\Jadwal))
 3 SYSTEMPATH\CodeIgniter.php(366): CodeIgniter\CodeIgniter->handleRequest(null, Object(Config\Cache), false)
 4 FCPATH\index.php(67): CodeIgniter\CodeIgniter->run()
 5 SYSTEMPATH\Commands\Server\rewrite.php(47): require_once('E:\\pendaftaran-basket\\public\\index.php')
INFO - 2023-08-05 04:03:29 --> Session: Class initialized using 'CodeIgniter\Session\Handlers\FileHandler' driver.
ERROR - 2023-08-05 04:03:29 --> mysqli_sql_exception: Column 'judul' cannot be null in E:\pendaftaran-basket\vendor\codeigniter4\framework\system\Database\MySQLi\Connection.php:295
Stack trace:
#0 E:\pendaftaran-basket\vendor\codeigniter4\framework\system\Database\MySQLi\Connection.php(295): mysqli->query('INSERT INTO `ja...', 0)
#1 E:\pendaftaran-basket\vendor\codeigniter4\framework\system\Database\BaseConnection.php(692): CodeIgniter\Database\MySQLi\Connection->execute('INSERT INTO `ja...')
#2 E:\pendaftaran-basket\vendor\codeigniter4\framework\system\Database\BaseConnection.php(606): CodeIgniter\Database\BaseConnection->simpleQuery('INSERT INTO `ja...')
#3 E:\pendaftaran-basket\vendor\codeigniter4\framework\system\Database\BaseBuilder.php(2309): CodeIgniter\Database\BaseConnection->query('INSERT INTO `ja...', Array, false)
#4 E:\pendaftaran-basket\vendor\codeigniter4\framework\system\Model.php(330): CodeIgniter\Database\BaseBuilder->insert()
#5 E:\pendaftaran-basket\vendor\codeigniter4\framework\system\BaseModel.php(782): CodeIgniter\Model->doInsert(Array)
#6 E:\pendaftaran-basket\vendor\codeigniter4\framework\system\Model.php(730): CodeIgniter\BaseModel->insert(Array, false)
#7 E:\pendaftaran-basket\vendor\codeigniter4\framework\system\BaseModel.php(692): CodeIgniter\Model->insert(Array, false)
#8 E:\pendaftaran-basket\app\Controllers\Jadwal.php(37): CodeIgniter\BaseModel->save(Array)
#9 E:\pendaftaran-basket\vendor\codeigniter4\framework\system\CodeIgniter.php(932): App\Controllers\Jadwal->create()
#10 E:\pendaftaran-basket\vendor\codeigniter4\framework\system\CodeIgniter.php(497): CodeIgniter\CodeIgniter->runController(Object(App\Controllers\Jadwal))
#11 E:\pendaftaran-basket\vendor\codeigniter4\framework\system\CodeIgniter.php(366): CodeIgniter\CodeIgniter->handleRequest(NULL, Object(Config\Cache), false)
#12 E:\pendaftaran-basket\public\index.php(67): CodeIgniter\CodeIgniter->run()
#13 E:\pendaftaran-basket\vendor\codeigniter4\framework\system\Commands\Server\rewrite.php(47): require_once('E:\\pendaftaran-...')
#14 {main}
CRITICAL - 2023-08-05 04:03:29 --> Column 'judul' cannot be null
in SYSTEMPATH\Database\MySQLi\Connection.php on line 295.
 1 SYSTEMPATH\Database\MySQLi\Connection.php(295): mysqli->query('INSERT INTO `jadwal` (`judul`, `foto`, `deskripsi`) VALUES (NULL, \'\', NULL)', 0)
 2 SYSTEMPATH\Database\BaseConnection.php(692): CodeIgniter\Database\MySQLi\Connection->execute('INSERT INTO `jadwal` (`judul`, `foto`, `deskripsi`) VALUES (NULL, \'\', NULL)')
 3 SYSTEMPATH\Database\BaseConnection.php(606): CodeIgniter\Database\BaseConnection->simpleQuery('INSERT INTO `jadwal` (`judul`, `foto`, `deskripsi`) VALUES (NULL, \'\', NULL)')
 4 SYSTEMPATH\Database\BaseBuilder.php(2309): CodeIgniter\Database\BaseConnection->query('INSERT INTO `jadwal` (`judul`, `foto`, `deskripsi`) VALUES (:judul:, :foto:, :deskripsi:)', [...], false)
 5 SYSTEMPATH\Model.php(330): CodeIgniter\Database\BaseBuilder->insert()
 6 SYSTEMPATH\BaseModel.php(782): CodeIgniter\Model->doInsert([...])
 7 SYSTEMPATH\Model.php(730): CodeIgniter\BaseModel->insert([...], false)
 8 SYSTEMPATH\BaseModel.php(692): CodeIgniter\Model->insert([...], false)
 9 APPPATH\Controllers\Jadwal.php(37): CodeIgniter\BaseModel->save([...])
10 SYSTEMPATH\CodeIgniter.php(932): App\Controllers\Jadwal->create()
11 SYSTEMPATH\CodeIgniter.php(497): CodeIgniter\CodeIgniter->runController(Object(App\Controllers\Jadwal))
12 SYSTEMPATH\CodeIgniter.php(366): CodeIgniter\CodeIgniter->handleRequest(null, Object(Config\Cache), false)
13 FCPATH\index.php(67): CodeIgniter\CodeIgniter->run()
14 SYSTEMPATH\Commands\Server\rewrite.php(47): require_once('E:\\pendaftaran-basket\\public\\index.php')
INFO - 2023-08-05 04:05:14 --> Session: Class initialized using 'CodeIgniter\Session\Handlers\FileHandler' driver.
CRITICAL - 2023-08-05 04:05:14 --> Call to a member function isValid() on null
in APPPATH\Controllers\Jadwal.php on line 27.
 1 SYSTEMPATH\CodeIgniter.php(932): App\Controllers\Jadwal->create()
 2 SYSTEMPATH\CodeIgniter.php(497): CodeIgniter\CodeIgniter->runController(Object(App\Controllers\Jadwal))
 3 SYSTEMPATH\CodeIgniter.php(366): CodeIgniter\CodeIgniter->handleRequest(null, Object(Config\Cache), false)
 4 FCPATH\index.php(67): CodeIgniter\CodeIgniter->run()
 5 SYSTEMPATH\Commands\Server\rewrite.php(47): require_once('E:\\pendaftaran-basket\\public\\index.php')
INFO - 2023-08-05 04:09:14 --> Session: Class initialized using 'CodeIgniter\Session\Handlers\FileHandler' driver.
INFO - 2023-08-05 04:10:22 --> Session: Class initialized using 'CodeIgniter\Session\Handlers\FileHandler' driver.
INFO - 2023-08-05 04:10:33 --> Session: Class initialized using 'CodeIgniter\Session\Handlers\FileHandler' driver.
INFO - 2023-08-05 04:28:52 --> Session: Class initialized using 'CodeIgniter\Session\Handlers\FileHandler' driver.
INFO - 2023-08-05 04:28:57 --> Session: Class initialized using 'CodeIgniter\Session\Handlers\FileHandler' driver.
ERROR - 2023-08-05 04:29:02 --> Error connecting to the database: mysqli_sql_exception: No connection could be made because the target machine actively refused it.
 in D:\VITO\KKP\kkp-radhya\vendor\codeigniter4\framework\system\Database\MySQLi\Connection.php:174
Stack trace:
#0 D:\VITO\KKP\kkp-radhya\vendor\codeigniter4\framework\system\Database\MySQLi\Connection.php(174): mysqli->real_connect('localhost', 'root', '', 'kkp_radhya', 3306, '', 0)
#1 D:\VITO\KKP\kkp-radhya\vendor\codeigniter4\framework\system\Database\BaseConnection.php(391): CodeIgniter\Database\MySQLi\Connection->connect(false)
#2 D:\VITO\KKP\kkp-radhya\vendor\codeigniter4\framework\system\Database\BaseConnection.php(574): CodeIgniter\Database\BaseConnection->initialize()
#3 D:\VITO\KKP\kkp-radhya\vendor\codeigniter4\framework\system\Database\BaseBuilder.php(1616): CodeIgniter\Database\BaseConnection->query('SELECT *\nFROM `...', Array, false)
#4 D:\VITO\KKP\kkp-radhya\vendor\codeigniter4\framework\system\Model.php(836): CodeIgniter\Database\BaseBuilder->get()
#5 D:\VITO\KKP\kkp-radhya\app\Models\UserModel.php(18): CodeIgniter\Model->__call('get', Array)
#6 D:\VITO\KKP\kkp-radhya\app\Controllers\Admin\User.php(43): App\Models\UserModel->getData('radhya@gmail.co...')
#7 D:\VITO\KKP\kkp-radhya\vendor\codeigniter4\framework\system\CodeIgniter.php(932): App\Controllers\Admin\User->login()
#8 D:\VITO\KKP\kkp-radhya\vendor\codeigniter4\framework\system\CodeIgniter.php(497): CodeIgniter\CodeIgniter->runController(Object(App\Controllers\Admin\User))
#9 D:\VITO\KKP\kkp-radhya\vendor\codeigniter4\framework\system\CodeIgniter.php(366): CodeIgniter\CodeIgniter->handleRequest(NULL, Object(Config\Cache), false)
#10 D:\VITO\KKP\kkp-radhya\public\index.php(67): CodeIgniter\CodeIgniter->run()
#11 D:\VITO\KKP\kkp-radhya\vendor\codeigniter4\framework\system\Commands\Server\rewrite.php(47): require_once('D:\\VITO\\KKP\\kkp...')
#12 {main}

Next CodeIgniter\Database\Exceptions\DatabaseException: No connection could be made because the target machine actively refused it.
 in D:\VITO\KKP\kkp-radhya\vendor\codeigniter4\framework\system\Database\MySQLi\Connection.php:218
Stack trace:
#0 D:\VITO\KKP\kkp-radhya\vendor\codeigniter4\framework\system\Database\BaseConnection.php(391): CodeIgniter\Database\MySQLi\Connection->connect(false)
#1 D:\VITO\KKP\kkp-radhya\vendor\codeigniter4\framework\system\Database\BaseConnection.php(574): CodeIgniter\Database\BaseConnection->initialize()
#2 D:\VITO\KKP\kkp-radhya\vendor\codeigniter4\framework\system\Database\BaseBuilder.php(1616): CodeIgniter\Database\BaseConnection->query('SELECT *\nFROM `...', Array, false)
#3 D:\VITO\KKP\kkp-radhya\vendor\codeigniter4\framework\system\Model.php(836): CodeIgniter\Database\BaseBuilder->get()
#4 D:\VITO\KKP\kkp-radhya\app\Models\UserModel.php(18): CodeIgniter\Model->__call('get', Array)
#5 D:\VITO\KKP\kkp-radhya\app\Controllers\Admin\User.php(43): App\Models\UserModel->getData('radhya@gmail.co...')
#6 D:\VITO\KKP\kkp-radhya\vendor\codeigniter4\framework\system\CodeIgniter.php(932): App\Controllers\Admin\User->login()
#7 D:\VITO\KKP\kkp-radhya\vendor\codeigniter4\framework\system\CodeIgniter.php(497): CodeIgniter\CodeIgniter->runController(Object(App\Controllers\Admin\User))
#8 D:\VITO\KKP\kkp-radhya\vendor\codeigniter4\framework\system\CodeIgniter.php(366): CodeIgniter\CodeIgniter->handleRequest(NULL, Object(Config\Cache), false)
#9 D:\VITO\KKP\kkp-radhya\public\index.php(67): CodeIgniter\CodeIgniter->run()
#10 D:\VITO\KKP\kkp-radhya\vendor\codeigniter4\framework\system\Commands\Server\rewrite.php(47): require_once('D:\\VITO\\KKP\\kkp...')
#11 {main}
CRITICAL - 2023-08-05 04:29:02 --> Unable to connect to the database.
Main connection [MySQLi]: No connection could be made because the target machine actively refused it.

in SYSTEMPATH\Database\BaseConnection.php on line 427.
 1 SYSTEMPATH\Database\BaseConnection.php(574): CodeIgniter\Database\BaseConnection->initialize()
 2 SYSTEMPATH\Database\BaseBuilder.php(1616): CodeIgniter\Database\BaseConnection->query('SELECT *
FROM `user`
WHERE `username` = :username:
OR `email` = :email:', [...], false)
 3 SYSTEMPATH\Model.php(836): CodeIgniter\Database\BaseBuilder->get()
 4 APPPATH\Models\UserModel.php(18): CodeIgniter\Model->__call('get', [])
 5 APPPATH\Controllers\Admin\User.php(43): App\Models\UserModel->getData('radhya@gmail.com')
 6 SYSTEMPATH\CodeIgniter.php(932): App\Controllers\Admin\User->login()
 7 SYSTEMPATH\CodeIgniter.php(497): CodeIgniter\CodeIgniter->runController(Object(App\Controllers\Admin\User))
 8 SYSTEMPATH\CodeIgniter.php(366): CodeIgniter\CodeIgniter->handleRequest(null, Object(Config\Cache), false)
 9 FCPATH\index.php(67): CodeIgniter\CodeIgniter->run()
10 SYSTEMPATH\Commands\Server\rewrite.php(47): require_once('D:\\VITO\\KKP\\kkp-radhya\\public\\index.php')
INFO - 2023-08-05 04:29:17 --> Session: Class initialized using 'CodeIgniter\Session\Handlers\FileHandler' driver.
INFO - 2023-08-05 04:29:23 --> Session: Class initialized using 'CodeIgniter\Session\Handlers\FileHandler' driver.
INFO - 2023-08-05 04:29:23 --> Session: Class initialized using 'CodeIgniter\Session\Handlers\FileHandler' driver.
INFO - 2023-08-05 04:29:24 --> Session: Class initialized using 'CodeIgniter\Session\Handlers\FileHandler' driver.
INFO - 2023-08-05 04:29:29 --> Session: Class initialized using 'CodeIgniter\Session\Handlers\FileHandler' driver.
INFO - 2023-08-05 04:29:42 --> Session: Class initialized using 'CodeIgniter\Session\Handlers\FileHandler' driver.
ERROR - 2023-08-05 04:29:43 --> mysqli_sql_exception: Table 'kkp_radhya.jadwal' doesn't exist in D:\VITO\KKP\kkp-radhya\vendor\codeigniter4\framework\system\Database\MySQLi\Connection.php:295
Stack trace:
#0 D:\VITO\KKP\kkp-radhya\vendor\codeigniter4\framework\system\Database\MySQLi\Connection.php(295): mysqli->query('SELECT *\nFROM `...', 0)
#1 D:\VITO\KKP\kkp-radhya\vendor\codeigniter4\framework\system\Database\BaseConnection.php(692): CodeIgniter\Database\MySQLi\Connection->execute('SELECT *\nFROM `...')
#2 D:\VITO\KKP\kkp-radhya\vendor\codeigniter4\framework\system\Database\BaseConnection.php(606): CodeIgniter\Database\BaseConnection->simpleQuery('SELECT *\nFROM `...')
#3 D:\VITO\KKP\kkp-radhya\vendor\codeigniter4\framework\system\Database\BaseBuilder.php(1616): CodeIgniter\Database\BaseConnection->query('SELECT *\nFROM `...', Array, false)
#4 D:\VITO\KKP\kkp-radhya\vendor\codeigniter4\framework\system\Model.php(241): CodeIgniter\Database\BaseBuilder->get()
#5 D:\VITO\KKP\kkp-radhya\vendor\codeigniter4\framework\system\BaseModel.php(618): CodeIgniter\Model->doFindAll(0, 0)
#6 D:\VITO\KKP\kkp-radhya\app\Controllers\Jadwal.php(13): CodeIgniter\BaseModel->findAll()
#7 D:\VITO\KKP\kkp-radhya\vendor\codeigniter4\framework\system\CodeIgniter.php(932): App\Controllers\Jadwal->index()
#8 D:\VITO\KKP\kkp-radhya\vendor\codeigniter4\framework\system\CodeIgniter.php(497): CodeIgniter\CodeIgniter->runController(Object(App\Controllers\Jadwal))
#9 D:\VITO\KKP\kkp-radhya\vendor\codeigniter4\framework\system\CodeIgniter.php(366): CodeIgniter\CodeIgniter->handleRequest(NULL, Object(Config\Cache), false)
#10 D:\VITO\KKP\kkp-radhya\public\index.php(67): CodeIgniter\CodeIgniter->run()
#11 D:\VITO\KKP\kkp-radhya\vendor\codeigniter4\framework\system\Commands\Server\rewrite.php(47): require_once('D:\\VITO\\KKP\\kkp...')
#12 {main}
CRITICAL - 2023-08-05 04:29:43 --> Table 'kkp_radhya.jadwal' doesn't exist
in SYSTEMPATH\Database\MySQLi\Connection.php on line 295.
 1 SYSTEMPATH\Database\MySQLi\Connection.php(295): mysqli->query('SELECT *
FROM `jadwal`', 0)
 2 SYSTEMPATH\Database\BaseConnection.php(692): CodeIgniter\Database\MySQLi\Connection->execute('SELECT *
FROM `jadwal`')
 3 SYSTEMPATH\Database\BaseConnection.php(606): CodeIgniter\Database\BaseConnection->simpleQuery('SELECT *
FROM `jadwal`')
 4 SYSTEMPATH\Database\BaseBuilder.php(1616): CodeIgniter\Database\BaseConnection->query('SELECT *
FROM `jadwal`', [], false)
 5 SYSTEMPATH\Model.php(241): CodeIgniter\Database\BaseBuilder->get()
 6 SYSTEMPATH\BaseModel.php(618): CodeIgniter\Model->doFindAll(0, 0)
 7 APPPATH\Controllers\Jadwal.php(13): CodeIgniter\BaseModel->findAll()
 8 SYSTEMPATH\CodeIgniter.php(932): App\Controllers\Jadwal->index()
 9 SYSTEMPATH\CodeIgniter.php(497): CodeIgniter\CodeIgniter->runController(Object(App\Controllers\Jadwal))
10 SYSTEMPATH\CodeIgniter.php(366): CodeIgniter\CodeIgniter->handleRequest(null, Object(Config\Cache), false)
11 FCPATH\index.php(67): CodeIgniter\CodeIgniter->run()
12 SYSTEMPATH\Commands\Server\rewrite.php(47): require_once('D:\\VITO\\KKP\\kkp-radhya\\public\\index.php')
INFO - 2023-08-05 04:29:47 --> Session: Class initialized using 'CodeIgniter\Session\Handlers\FileHandler' driver.
INFO - 2023-08-05 04:29:54 --> Session: Class initialized using 'CodeIgniter\Session\Handlers\FileHandler' driver.
INFO - 2023-08-05 04:32:09 --> Session: Class initialized using 'CodeIgniter\Session\Handlers\FileHandler' driver.
INFO - 2023-08-05 04:32:52 --> Session: Class initialized using 'CodeIgniter\Session\Handlers\FileHandler' driver.
INFO - 2023-08-05 04:34:07 --> Session: Class initialized using 'CodeIgniter\Session\Handlers\FileHandler' driver.
INFO - 2023-08-05 04:34:19 --> Session: Class initialized using 'CodeIgniter\Session\Handlers\FileHandler' driver.
INFO - 2023-08-05 04:34:24 --> Session: Class initialized using 'CodeIgniter\Session\Handlers\FileHandler' driver.
INFO - 2023-08-05 04:35:29 --> Session: Class initialized using 'CodeIgniter\Session\Handlers\FileHandler' driver.
INFO - 2023-08-05 04:35:33 --> Session: Class initialized using 'CodeIgniter\Session\Handlers\FileHandler' driver.
INFO - 2023-08-05 04:35:34 --> Session: Class initialized using 'CodeIgniter\Session\Handlers\FileHandler' driver.
INFO - 2023-08-05 04:35:38 --> Session: Class initialized using 'CodeIgniter\Session\Handlers\FileHandler' driver.
INFO - 2023-08-05 04:36:26 --> Session: Class initialized using 'CodeIgniter\Session\Handlers\FileHandler' driver.
INFO - 2023-08-05 04:36:30 --> Session: Class initialized using 'CodeIgniter\Session\Handlers\FileHandler' driver.
CRITICAL - 2023-08-05 04:44:09 --> Invalid file: "jadwal_form.php"
in SYSTEMPATH\Exceptions\FrameworkException.php on line 33.
 1 SYSTEMPATH\View\View.php(212): CodeIgniter\Exceptions\FrameworkException::forInvalidFile('jadwal_form.php')
 2 SYSTEMPATH\Common.php(1176): CodeIgniter\View\View->render('jadwal_form', [], true)
 3 APPPATH\Controllers\Jadwal.php(51): view('jadwal_form')
 4 SYSTEMPATH\CodeIgniter.php(932): App\Controllers\Jadwal->create()
 5 SYSTEMPATH\CodeIgniter.php(497): CodeIgniter\CodeIgniter->runController(Object(App\Controllers\Jadwal))
 6 SYSTEMPATH\CodeIgniter.php(366): CodeIgniter\CodeIgniter->handleRequest(null, Object(Config\Cache), false)
 7 FCPATH\index.php(67): CodeIgniter\CodeIgniter->run()
 8 SYSTEMPATH\Commands\Server\rewrite.php(47): require_once('D:\\VITO\\KKP\\kkp-radhya\\public\\index.php')
INFO - 2023-08-05 04:44:51 --> Session: Class initialized using 'CodeIgniter\Session\Handlers\FileHandler' driver.
INFO - 2023-08-05 04:44:55 --> Session: Class initialized using 'CodeIgniter\Session\Handlers\FileHandler' driver.
INFO - 2023-08-05 04:49:00 --> Session: Class initialized using 'CodeIgniter\Session\Handlers\FileHandler' driver.
INFO - 2023-08-05 04:49:05 --> Session: Class initialized using 'CodeIgniter\Session\Handlers\FileHandler' driver.
INFO - 2023-08-05 04:49:05 --> Session: Class initialized using 'CodeIgniter\Session\Handlers\FileHandler' driver.
INFO - 2023-08-05 04:49:17 --> Session: Class initialized using 'CodeIgniter\Session\Handlers\FileHandler' driver.
INFO - 2023-08-05 04:49:17 --> Session: Class initialized using 'CodeIgniter\Session\Handlers\FileHandler' driver.
INFO - 2023-08-05 04:53:16 --> Session: Class initialized using 'CodeIgniter\Session\Handlers\FileHandler' driver.
INFO - 2023-08-05 04:53:25 --> Session: Class initialized using 'CodeIgniter\Session\Handlers\FileHandler' driver.
INFO - 2023-08-05 04:53:25 --> Session: Class initialized using 'CodeIgniter\Session\Handlers\FileHandler' driver.
INFO - 2023-08-05 04:55:48 --> Session: Class initialized using 'CodeIgniter\Session\Handlers\FileHandler' driver.
INFO - 2023-08-05 04:55:48 --> Session: Class initialized using 'CodeIgniter\Session\Handlers\FileHandler' driver.
INFO - 2023-08-05 04:55:52 --> Session: Class initialized using 'CodeIgniter\Session\Handlers\FileHandler' driver.
INFO - 2023-08-05 04:57:03 --> Session: Class initialized using 'CodeIgniter\Session\Handlers\FileHandler' driver.
INFO - 2023-08-05 04:57:04 --> Session: Class initialized using 'CodeIgniter\Session\Handlers\FileHandler' driver.
INFO - 2023-08-05 04:57:28 --> Session: Class initialized using 'CodeIgniter\Session\Handlers\FileHandler' driver.
CRITICAL - 2023-08-05 04:57:28 --> Undefined variable: newName
in APPPATH\Controllers\Jadwal.php on line 49.
 1 APPPATH\Controllers\Jadwal.php(49): CodeIgniter\Debug\Exceptions->errorHandler(8, 'Undefined variable: newName', 'D:\\VITO\\KKP\\kkp-radhya\\app\\Controllers\\Jadwal.php', 49, [...])
 2 SYSTEMPATH\CodeIgniter.php(932): App\Controllers\Jadwal->create()
 3 SYSTEMPATH\CodeIgniter.php(497): CodeIgniter\CodeIgniter->runController(Object(App\Controllers\Jadwal))
 4 SYSTEMPATH\CodeIgniter.php(366): CodeIgniter\CodeIgniter->handleRequest(null, Object(Config\Cache), false)
 5 FCPATH\index.php(67): CodeIgniter\CodeIgniter->run()
 6 SYSTEMPATH\Commands\Server\rewrite.php(47): require_once('D:\\VITO\\KKP\\kkp-radhya\\public\\index.php')
INFO - 2023-08-05 04:57:31 --> Session: Class initialized using 'CodeIgniter\Session\Handlers\FileHandler' driver.
INFO - 2023-08-05 04:59:20 --> Session: Class initialized using 'CodeIgniter\Session\Handlers\FileHandler' driver.
INFO - 2023-08-05 04:59:20 --> Session: Class initialized using 'CodeIgniter\Session\Handlers\FileHandler' driver.
INFO - 2023-08-05 04:59:20 --> Session: Class initialized using 'CodeIgniter\Session\Handlers\FileHandler' driver.
INFO - 2023-08-05 04:59:21 --> Session: Class initialized using 'CodeIgniter\Session\Handlers\FileHandler' driver.
INFO - 2023-08-05 04:59:24 --> Session: Class initialized using 'CodeIgniter\Session\Handlers\FileHandler' driver.
INFO - 2023-08-05 04:59:24 --> Session: Class initialized using 'CodeIgniter\Session\Handlers\FileHandler' driver.
INFO - 2023-08-05 05:00:32 --> Session: Class initialized using 'CodeIgniter\Session\Handlers\FileHandler' driver.
INFO - 2023-08-05 05:01:05 --> Session: Class initialized using 'CodeIgniter\Session\Handlers\FileHandler' driver.
INFO - 2023-08-05 05:04:41 --> Session: Class initialized using 'CodeIgniter\Session\Handlers\FileHandler' driver.
INFO - 2023-08-05 05:05:23 --> Session: Class initialized using 'CodeIgniter\Session\Handlers\FileHandler' driver.
INFO - 2023-08-05 05:05:55 --> Session: Class initialized using 'CodeIgniter\Session\Handlers\FileHandler' driver.
INFO - 2023-08-05 05:06:02 --> Session: Class initialized using 'CodeIgniter\Session\Handlers\FileHandler' driver.
INFO - 2023-08-05 05:06:04 --> Session: Class initialized using 'CodeIgniter\Session\Handlers\FileHandler' driver.
INFO - 2023-08-05 05:06:16 --> Session: Class initialized using 'CodeIgniter\Session\Handlers\FileHandler' driver.
INFO - 2023-08-05 05:08:26 --> Session: Class initialized using 'CodeIgniter\Session\Handlers\FileHandler' driver.
INFO - 2023-08-05 05:09:41 --> Session: Class initialized using 'CodeIgniter\Session\Handlers\FileHandler' driver.
INFO - 2023-08-05 05:09:55 --> Session: Class initialized using 'CodeIgniter\Session\Handlers\FileHandler' driver.
INFO - 2023-08-05 05:10:26 --> Session: Class initialized using 'CodeIgniter\Session\Handlers\FileHandler' driver.
INFO - 2023-08-05 05:11:24 --> Session: Class initialized using 'CodeIgniter\Session\Handlers\FileHandler' driver.
INFO - 2023-08-05 05:12:04 --> Session: Class initialized using 'CodeIgniter\Session\Handlers\FileHandler' driver.
INFO - 2023-08-05 05:12:28 --> Session: Class initialized using 'CodeIgniter\Session\Handlers\FileHandler' driver.
INFO - 2023-08-05 05:12:35 --> Session: Class initialized using 'CodeIgniter\Session\Handlers\FileHandler' driver.
INFO - 2023-08-05 05:13:18 --> Session: Class initialized using 'CodeIgniter\Session\Handlers\FileHandler' driver.
INFO - 2023-08-05 05:13:52 --> Session: Class initialized using 'CodeIgniter\Session\Handlers\FileHandler' driver.
INFO - 2023-08-05 05:13:53 --> Session: Class initialized using 'CodeIgniter\Session\Handlers\FileHandler' driver.
INFO - 2023-08-05 05:14:00 --> Session: Class initialized using 'CodeIgniter\Session\Handlers\FileHandler' driver.
INFO - 2023-08-05 05:14:00 --> Session: Class initialized using 'CodeIgniter\Session\Handlers\FileHandler' driver.
INFO - 2023-08-05 05:14:01 --> Session: Class initialized using 'CodeIgniter\Session\Handlers\FileHandler' driver.
INFO - 2023-08-05 05:14:10 --> Session: Class initialized using 'CodeIgniter\Session\Handlers\FileHandler' driver.
INFO - 2023-08-05 05:14:18 --> Session: Class initialized using 'CodeIgniter\Session\Handlers\FileHandler' driver.
INFO - 2023-08-05 05:14:18 --> Session: Class initialized using 'CodeIgniter\Session\Handlers\FileHandler' driver.
INFO - 2023-08-05 05:14:57 --> Session: Class initialized using 'CodeIgniter\Session\Handlers\FileHandler' driver.
INFO - 2023-08-05 05:15:04 --> Session: Class initialized using 'CodeIgniter\Session\Handlers\FileHandler' driver.
INFO - 2023-08-05 05:16:07 --> Session: Class initialized using 'CodeIgniter\Session\Handlers\FileHandler' driver.
INFO - 2023-08-05 05:18:08 --> Session: Class initialized using 'CodeIgniter\Session\Handlers\FileHandler' driver.
INFO - 2023-08-05 05:18:09 --> Session: Class initialized using 'CodeIgniter\Session\Handlers\FileHandler' driver.
INFO - 2023-08-05 05:18:12 --> Session: Class initialized using 'CodeIgniter\Session\Handlers\FileHandler' driver.
INFO - 2023-08-05 05:18:16 --> Session: Class initialized using 'CodeIgniter\Session\Handlers\FileHandler' driver.
INFO - 2023-08-05 05:18:16 --> Session: Class initialized using 'CodeIgniter\Session\Handlers\FileHandler' driver.
INFO - 2023-08-05 05:18:16 --> Session: Class initialized using 'CodeIgniter\Session\Handlers\FileHandler' driver.
INFO - 2023-08-05 05:18:17 --> Session: Class initialized using 'CodeIgniter\Session\Handlers\FileHandler' driver.
INFO - 2023-08-05 05:33:47 --> Session: Class initialized using 'CodeIgniter\Session\Handlers\FileHandler' driver.
CRITICAL - 2023-08-05 05:33:47 --> Invalid file: "admin/jadwal.php"
in SYSTEMPATH\Exceptions\FrameworkException.php on line 33.
 1 SYSTEMPATH\View\View.php(212): CodeIgniter\Exceptions\FrameworkException::forInvalidFile('admin/jadwal.php')
 2 SYSTEMPATH\Common.php(1176): CodeIgniter\View\View->render('admin/jadwal', [], true)
 3 APPPATH\Controllers\Jadwal.php(60): view('admin/jadwal')
 4 SYSTEMPATH\CodeIgniter.php(932): App\Controllers\Jadwal->create()
 5 SYSTEMPATH\CodeIgniter.php(497): CodeIgniter\CodeIgniter->runController(Object(App\Controllers\Jadwal))
 6 SYSTEMPATH\CodeIgniter.php(366): CodeIgniter\CodeIgniter->handleRequest(null, Object(Config\Cache), false)
 7 FCPATH\index.php(67): CodeIgniter\CodeIgniter->run()
 8 SYSTEMPATH\Commands\Server\rewrite.php(47): require_once('D:\\VITO\\KKP\\kkp-radhya\\public\\index.php')
INFO - 2023-08-05 05:34:04 --> Session: Class initialized using 'CodeIgniter\Session\Handlers\FileHandler' driver.
INFO - 2023-08-05 05:34:09 --> Session: Class initialized using 'CodeIgniter\Session\Handlers\FileHandler' driver.
INFO - 2023-08-05 05:34:09 --> Session: Class initialized using 'CodeIgniter\Session\Handlers\FileHandler' driver.
INFO - 2023-08-05 05:35:34 --> Session: Class initialized using 'CodeIgniter\Session\Handlers\FileHandler' driver.
INFO - 2023-08-05 05:35:52 --> Session: Class initialized using 'CodeIgniter\Session\Handlers\FileHandler' driver.
INFO - 2023-08-05 05:36:13 --> Session: Class initialized using 'CodeIgniter\Session\Handlers\FileHandler' driver.
INFO - 2023-08-05 06:03:26 --> Session: Class initialized using 'CodeIgniter\Session\Handlers\FileHandler' driver.
INFO - 2023-08-05 06:03:30 --> Session: Class initialized using 'CodeIgniter\Session\Handlers\FileHandler' driver.
INFO - 2023-08-05 06:03:32 --> Session: Class initialized using 'CodeIgniter\Session\Handlers\FileHandler' driver.
INFO - 2023-08-05 06:03:35 --> Session: Class initialized using 'CodeIgniter\Session\Handlers\FileHandler' driver.
INFO - 2023-08-05 06:04:16 --> Session: Class initialized using 'CodeIgniter\Session\Handlers\FileHandler' driver.
INFO - 2023-08-05 06:04:24 --> Session: Class initialized using 'CodeIgniter\Session\Handlers\FileHandler' driver.
INFO - 2023-08-05 06:05:13 --> Session: Class initialized using 'CodeIgniter\Session\Handlers\FileHandler' driver.
CRITICAL - 2023-08-05 06:05:14 --> Invalid file: "jadwal.php"
in SYSTEMPATH\Exceptions\FrameworkException.php on line 33.
 1 SYSTEMPATH\View\View.php(212): CodeIgniter\Exceptions\FrameworkException::forInvalidFile('jadwal.php')
 2 SYSTEMPATH\Common.php(1176): CodeIgniter\View\View->render('jadwal', [], true)
 3 APPPATH\Controllers\Jadwal.php(15): view('jadwal', [...])
 4 SYSTEMPATH\CodeIgniter.php(932): App\Controllers\Jadwal->index()
 5 SYSTEMPATH\CodeIgniter.php(497): CodeIgniter\CodeIgniter->runController(Object(App\Controllers\Jadwal))
 6 SYSTEMPATH\CodeIgniter.php(366): CodeIgniter\CodeIgniter->handleRequest(null, Object(Config\Cache), false)
 7 FCPATH\index.php(67): CodeIgniter\CodeIgniter->run()
 8 SYSTEMPATH\Commands\Server\rewrite.php(47): require_once('D:\\VITO\\KKP\\kkp-radhya\\public\\index.php')
INFO - 2023-08-05 06:05:36 --> Session: Class initialized using 'CodeIgniter\Session\Handlers\FileHandler' driver.
CRITICAL - 2023-08-05 06:05:36 --> Invalid file: "jadwal.php"
in SYSTEMPATH\Exceptions\FrameworkException.php on line 33.
 1 SYSTEMPATH\View\View.php(212): CodeIgniter\Exceptions\FrameworkException::forInvalidFile('jadwal.php')
 2 SYSTEMPATH\Common.php(1176): CodeIgniter\View\View->render('jadwal', [], true)
 3 APPPATH\Controllers\Jadwal.php(15): view('jadwal', [...])
 4 SYSTEMPATH\CodeIgniter.php(932): App\Controllers\Jadwal->index()
 5 SYSTEMPATH\CodeIgniter.php(497): CodeIgniter\CodeIgniter->runController(Object(App\Controllers\Jadwal))
 6 SYSTEMPATH\CodeIgniter.php(366): CodeIgniter\CodeIgniter->handleRequest(null, Object(Config\Cache), false)
 7 FCPATH\index.php(67): CodeIgniter\CodeIgniter->run()
 8 SYSTEMPATH\Commands\Server\rewrite.php(47): require_once('D:\\VITO\\KKP\\kkp-radhya\\public\\index.php')
INFO - 2023-08-05 06:06:00 --> Session: Class initialized using 'CodeIgniter\Session\Handlers\FileHandler' driver.
CRITICAL - 2023-08-05 06:06:00 --> Undefined variable: data
in APPPATH\Views\admin\jadwal.php on line 159.
 1 APPPATH\Views\admin\jadwal.php(159): CodeIgniter\Debug\Exceptions->errorHandler(8, 'Undefined variable: data', 'D:\\VITO\\KKP\\kkp-radhya\\app\\Views\\admin\\jadwal.php', 159, [...])
 2 SYSTEMPATH\View\View.php(224): include('D:\\VITO\\KKP\\kkp-radhya\\app\\Views\\admin\\jadwal.php')
 3 SYSTEMPATH\View\View.php(227): CodeIgniter\View\View->CodeIgniter\View\{closure}()
 4 SYSTEMPATH\Common.php(1176): CodeIgniter\View\View->render('admin/jadwal', [], true)
 5 APPPATH\Controllers\Jadwal.php(15): view('admin/jadwal', [...])
 6 SYSTEMPATH\CodeIgniter.php(932): App\Controllers\Jadwal->index()
 7 SYSTEMPATH\CodeIgniter.php(497): CodeIgniter\CodeIgniter->runController(Object(App\Controllers\Jadwal))
 8 SYSTEMPATH\CodeIgniter.php(366): CodeIgniter\CodeIgniter->handleRequest(null, Object(Config\Cache), false)
 9 FCPATH\index.php(67): CodeIgniter\CodeIgniter->run()
10 SYSTEMPATH\Commands\Server\rewrite.php(47): require_once('D:\\VITO\\KKP\\kkp-radhya\\public\\index.php')
INFO - 2023-08-05 06:06:01 --> Session: Class initialized using 'CodeIgniter\Session\Handlers\FileHandler' driver.
CRITICAL - 2023-08-05 06:06:01 --> Undefined variable: data
in APPPATH\Views\admin\jadwal.php on line 159.
 1 APPPATH\Views\admin\jadwal.php(159): CodeIgniter\Debug\Exceptions->errorHandler(8, 'Undefined variable: data', 'D:\\VITO\\KKP\\kkp-radhya\\app\\Views\\admin\\jadwal.php', 159, [...])
 2 SYSTEMPATH\View\View.php(224): include('D:\\VITO\\KKP\\kkp-radhya\\app\\Views\\admin\\jadwal.php')
 3 SYSTEMPATH\View\View.php(227): CodeIgniter\View\View->CodeIgniter\View\{closure}()
 4 SYSTEMPATH\Common.php(1176): CodeIgniter\View\View->render('admin/jadwal', [], true)
 5 APPPATH\Controllers\Jadwal.php(15): view('admin/jadwal', [...])
 6 SYSTEMPATH\CodeIgniter.php(932): App\Controllers\Jadwal->index()
 7 SYSTEMPATH\CodeIgniter.php(497): CodeIgniter\CodeIgniter->runController(Object(App\Controllers\Jadwal))
 8 SYSTEMPATH\CodeIgniter.php(366): CodeIgniter\CodeIgniter->handleRequest(null, Object(Config\Cache), false)
 9 FCPATH\index.php(67): CodeIgniter\CodeIgniter->run()
10 SYSTEMPATH\Commands\Server\rewrite.php(47): require_once('D:\\VITO\\KKP\\kkp-radhya\\public\\index.php')
INFO - 2023-08-05 06:06:31 --> Session: Class initialized using 'CodeIgniter\Session\Handlers\FileHandler' driver.
INFO - 2023-08-05 06:06:38 --> Session: Class initialized using 'CodeIgniter\Session\Handlers\FileHandler' driver.
INFO - 2023-08-05 06:06:39 --> Session: Class initialized using 'CodeIgniter\Session\Handlers\FileHandler' driver.
INFO - 2023-08-05 06:06:42 --> Session: Class initialized using 'CodeIgniter\Session\Handlers\FileHandler' driver.
INFO - 2023-08-05 06:08:49 --> Session: Class initialized using 'CodeIgniter\Session\Handlers\FileHandler' driver.
INFO - 2023-08-05 06:09:59 --> Session: Class initialized using 'CodeIgniter\Session\Handlers\FileHandler' driver.
INFO - 2023-08-05 06:10:27 --> Session: Class initialized using 'CodeIgniter\Session\Handlers\FileHandler' driver.
INFO - 2023-08-05 06:10:53 --> Session: Class initialized using 'CodeIgniter\Session\Handlers\FileHandler' driver.
INFO - 2023-08-05 06:11:03 --> Session: Class initialized using 'CodeIgniter\Session\Handlers\FileHandler' driver.
INFO - 2023-08-05 06:11:10 --> Session: Class initialized using 'CodeIgniter\Session\Handlers\FileHandler' driver.
INFO - 2023-08-05 06:11:17 --> Session: Class initialized using 'CodeIgniter\Session\Handlers\FileHandler' driver.
INFO - 2023-08-05 06:11:19 --> Session: Class initialized using 'CodeIgniter\Session\Handlers\FileHandler' driver.
INFO - 2023-08-05 06:11:21 --> Session: Class initialized using 'CodeIgniter\Session\Handlers\FileHandler' driver.
INFO - 2023-08-05 06:11:35 --> Session: Class initialized using 'CodeIgniter\Session\Handlers\FileHandler' driver.
INFO - 2023-08-05 06:11:38 --> Session: Class initialized using 'CodeIgniter\Session\Handlers\FileHandler' driver.
INFO - 2023-08-05 06:13:07 --> Session: Class initialized using 'CodeIgniter\Session\Handlers\FileHandler' driver.
INFO - 2023-08-05 06:13:16 --> Session: Class initialized using 'CodeIgniter\Session\Handlers\FileHandler' driver.
INFO - 2023-08-05 06:13:27 --> Session: Class initialized using 'CodeIgniter\Session\Handlers\FileHandler' driver.
INFO - 2023-08-05 06:13:42 --> Session: Class initialized using 'CodeIgniter\Session\Handlers\FileHandler' driver.
INFO - 2023-08-05 06:13:50 --> Session: Class initialized using 'CodeIgniter\Session\Handlers\FileHandler' driver.
INFO - 2023-08-05 06:14:16 --> Session: Class initialized using 'CodeIgniter\Session\Handlers\FileHandler' driver.
INFO - 2023-08-05 06:15:15 --> Session: Class initialized using 'CodeIgniter\Session\Handlers\FileHandler' driver.
INFO - 2023-08-05 06:15:18 --> Session: Class initialized using 'CodeIgniter\Session\Handlers\FileHandler' driver.
INFO - 2023-08-05 06:15:23 --> Session: Class initialized using 'CodeIgniter\Session\Handlers\FileHandler' driver.
INFO - 2023-08-05 06:15:41 --> Session: Class initialized using 'CodeIgniter\Session\Handlers\FileHandler' driver.
INFO - 2023-08-05 06:15:45 --> Session: Class initialized using 'CodeIgniter\Session\Handlers\FileHandler' driver.
INFO - 2023-08-05 06:15:48 --> Session: Class initialized using 'CodeIgniter\Session\Handlers\FileHandler' driver.
INFO - 2023-08-05 06:15:57 --> Session: Class initialized using 'CodeIgniter\Session\Handlers\FileHandler' driver.
INFO - 2023-08-05 06:17:14 --> Session: Class initialized using 'CodeIgniter\Session\Handlers\FileHandler' driver.
INFO - 2023-08-05 06:17:21 --> Session: Class initialized using 'CodeIgniter\Session\Handlers\FileHandler' driver.
INFO - 2023-08-05 06:17:31 --> Session: Class initialized using 'CodeIgniter\Session\Handlers\FileHandler' driver.
INFO - 2023-08-05 06:17:33 --> Session: Class initialized using 'CodeIgniter\Session\Handlers\FileHandler' driver.
INFO - 2023-08-05 06:19:27 --> Session: Class initialized using 'CodeIgniter\Session\Handlers\FileHandler' driver.
INFO - 2023-08-05 06:20:20 --> Session: Class initialized using 'CodeIgniter\Session\Handlers\FileHandler' driver.
INFO - 2023-08-05 06:20:21 --> Session: Class initialized using 'CodeIgniter\Session\Handlers\FileHandler' driver.
INFO - 2023-08-05 06:20:26 --> Session: Class initialized using 'CodeIgniter\Session\Handlers\FileHandler' driver.
INFO - 2023-08-05 06:20:26 --> Session: Class initialized using 'CodeIgniter\Session\Handlers\FileHandler' driver.
INFO - 2023-08-05 06:20:31 --> Session: Class initialized using 'CodeIgniter\Session\Handlers\FileHandler' driver.
INFO - 2023-08-05 06:20:31 --> Session: Class initialized using 'CodeIgniter\Session\Handlers\FileHandler' driver.
INFO - 2023-08-05 06:20:55 --> Session: Class initialized using 'CodeIgniter\Session\Handlers\FileHandler' driver.
INFO - 2023-08-05 06:21:03 --> Session: Class initialized using 'CodeIgniter\Session\Handlers\FileHandler' driver.
INFO - 2023-08-05 06:21:55 --> Session: Class initialized using 'CodeIgniter\Session\Handlers\FileHandler' driver.
INFO - 2023-08-05 06:23:15 --> Session: Class initialized using 'CodeIgniter\Session\Handlers\FileHandler' driver.
INFO - 2023-08-05 06:23:16 --> Session: Class initialized using 'CodeIgniter\Session\Handlers\FileHandler' driver.
INFO - 2023-08-05 06:25:55 --> Session: Class initialized using 'CodeIgniter\Session\Handlers\FileHandler' driver.
INFO - 2023-08-05 06:26:42 --> Session: Class initialized using 'CodeIgniter\Session\Handlers\FileHandler' driver.
INFO - 2023-08-05 06:27:11 --> Session: Class initialized using 'CodeIgniter\Session\Handlers\FileHandler' driver.
INFO - 2023-08-05 06:27:16 --> Session: Class initialized using 'CodeIgniter\Session\Handlers\FileHandler' driver.
INFO - 2023-08-05 06:27:34 --> Session: Class initialized using 'CodeIgniter\Session\Handlers\FileHandler' driver.
INFO - 2023-08-05 06:27:55 --> Session: Class initialized using 'CodeIgniter\Session\Handlers\FileHandler' driver.
INFO - 2023-08-05 06:27:56 --> Session: Class initialized using 'CodeIgniter\Session\Handlers\FileHandler' driver.
INFO - 2023-08-05 06:29:07 --> Session: Class initialized using 'CodeIgniter\Session\Handlers\FileHandler' driver.
INFO - 2023-08-05 06:29:12 --> Session: Class initialized using 'CodeIgniter\Session\Handlers\FileHandler' driver.
INFO - 2023-08-05 06:29:12 --> Session: Class initialized using 'CodeIgniter\Session\Handlers\FileHandler' driver.
INFO - 2023-08-05 06:29:55 --> Session: Class initialized using 'CodeIgniter\Session\Handlers\FileHandler' driver.
INFO - 2023-08-05 06:30:03 --> Session: Class initialized using 'CodeIgniter\Session\Handlers\FileHandler' driver.
INFO - 2023-08-05 06:30:19 --> Session: Class initialized using 'CodeIgniter\Session\Handlers\FileHandler' driver.
INFO - 2023-08-05 06:30:38 --> Session: Class initialized using 'CodeIgniter\Session\Handlers\FileHandler' driver.
INFO - 2023-08-05 06:30:41 --> Session: Class initialized using 'CodeIgniter\Session\Handlers\FileHandler' driver.
INFO - 2023-08-05 06:30:43 --> Session: Class initialized using 'CodeIgniter\Session\Handlers\FileHandler' driver.
INFO - 2023-08-05 06:30:45 --> Session: Class initialized using 'CodeIgniter\Session\Handlers\FileHandler' driver.
INFO - 2023-08-05 06:30:54 --> Session: Class initialized using 'CodeIgniter\Session\Handlers\FileHandler' driver.
INFO - 2023-08-05 06:31:03 --> Session: Class initialized using 'CodeIgniter\Session\Handlers\FileHandler' driver.
INFO - 2023-08-05 06:31:05 --> Session: Class initialized using 'CodeIgniter\Session\Handlers\FileHandler' driver.
INFO - 2023-08-05 06:31:05 --> Session: Class initialized using 'CodeIgniter\Session\Handlers\FileHandler' driver.
INFO - 2023-08-05 06:31:05 --> Session: Class initialized using 'CodeIgniter\Session\Handlers\FileHandler' driver.
INFO - 2023-08-05 06:31:08 --> Session: Class initialized using 'CodeIgniter\Session\Handlers\FileHandler' driver.
INFO - 2023-08-05 06:31:17 --> Session: Class initialized using 'CodeIgniter\Session\Handlers\FileHandler' driver.
INFO - 2023-08-05 06:31:24 --> Session: Class initialized using 'CodeIgniter\Session\Handlers\FileHandler' driver.
CRITICAL - 2023-08-05 06:40:02 --> Undefined index: foto
in APPPATH\Views\JadwalLatihan.php on line 9.
 1 APPPATH\Views\JadwalLatihan.php(9): CodeIgniter\Debug\Exceptions->errorHandler(8, 'Undefined index: foto', 'D:\\VITO\\KKP\\kkp-radhya\\app\\Views\\JadwalLatihan.php', 9, [...])
 2 SYSTEMPATH\View\View.php(224): include('D:\\VITO\\KKP\\kkp-radhya\\app\\Views\\JadwalLatihan.php')
 3 SYSTEMPATH\View\View.php(227): CodeIgniter\View\View->CodeIgniter\View\{closure}()
 4 SYSTEMPATH\Common.php(1176): CodeIgniter\View\View->render('jadwalLatihan', [], true)
 5 APPPATH\Controllers\Jadwal.php(22): view('jadwalLatihan', [...])
 6 SYSTEMPATH\CodeIgniter.php(932): App\Controllers\Jadwal->data()
 7 SYSTEMPATH\CodeIgniter.php(497): CodeIgniter\CodeIgniter->runController(Object(App\Controllers\Jadwal))
 8 SYSTEMPATH\CodeIgniter.php(366): CodeIgniter\CodeIgniter->handleRequest(null, Object(Config\Cache), false)
 9 FCPATH\index.php(67): CodeIgniter\CodeIgniter->run()
10 SYSTEMPATH\Commands\Server\rewrite.php(47): require_once('D:\\VITO\\KKP\\kkp-radhya\\public\\index.php')
CRITICAL - 2023-08-05 06:41:18 --> Undefined index: foto
in APPPATH\Views\JadwalLatihan.php on line 10.
 1 APPPATH\Views\JadwalLatihan.php(10): CodeIgniter\Debug\Exceptions->errorHandler(8, 'Undefined index: foto', 'D:\\VITO\\KKP\\kkp-radhya\\app\\Views\\JadwalLatihan.php', 10, [...])
 2 SYSTEMPATH\View\View.php(224): include('D:\\VITO\\KKP\\kkp-radhya\\app\\Views\\JadwalLatihan.php')
 3 SYSTEMPATH\View\View.php(227): CodeIgniter\View\View->CodeIgniter\View\{closure}()
 4 SYSTEMPATH\Common.php(1176): CodeIgniter\View\View->render('jadwalLatihan', [], true)
 5 APPPATH\Controllers\Jadwal.php(22): view('jadwalLatihan', [...])
 6 SYSTEMPATH\CodeIgniter.php(932): App\Controllers\Jadwal->data()
 7 SYSTEMPATH\CodeIgniter.php(497): CodeIgniter\CodeIgniter->runController(Object(App\Controllers\Jadwal))
 8 SYSTEMPATH\CodeIgniter.php(366): CodeIgniter\CodeIgniter->handleRequest(null, Object(Config\Cache), false)
 9 FCPATH\index.php(67): CodeIgniter\CodeIgniter->run()
10 SYSTEMPATH\Commands\Server\rewrite.php(47): require_once('D:\\VITO\\KKP\\kkp-radhya\\public\\index.php')
CRITICAL - 2023-08-05 06:41:19 --> Undefined index: foto
in APPPATH\Views\JadwalLatihan.php on line 10.
 1 APPPATH\Views\JadwalLatihan.php(10): CodeIgniter\Debug\Exceptions->errorHandler(8, 'Undefined index: foto', 'D:\\VITO\\KKP\\kkp-radhya\\app\\Views\\JadwalLatihan.php', 10, [...])
 2 SYSTEMPATH\View\View.php(224): include('D:\\VITO\\KKP\\kkp-radhya\\app\\Views\\JadwalLatihan.php')
 3 SYSTEMPATH\View\View.php(227): CodeIgniter\View\View->CodeIgniter\View\{closure}()
 4 SYSTEMPATH\Common.php(1176): CodeIgniter\View\View->render('jadwalLatihan', [], true)
 5 APPPATH\Controllers\Jadwal.php(22): view('jadwalLatihan', [...])
 6 SYSTEMPATH\CodeIgniter.php(932): App\Controllers\Jadwal->data()
 7 SYSTEMPATH\CodeIgniter.php(497): CodeIgniter\CodeIgniter->runController(Object(App\Controllers\Jadwal))
 8 SYSTEMPATH\CodeIgniter.php(366): CodeIgniter\CodeIgniter->handleRequest(null, Object(Config\Cache), false)
 9 FCPATH\index.php(67): CodeIgniter\CodeIgniter->run()
10 SYSTEMPATH\Commands\Server\rewrite.php(47): require_once('D:\\VITO\\KKP\\kkp-radhya\\public\\index.php')
CRITICAL - 2023-08-05 06:41:31 --> Undefined variable: detail
in APPPATH\Views\JadwalLatihan.php on line 13.
 1 APPPATH\Views\JadwalLatihan.php(13): CodeIgniter\Debug\Exceptions->errorHandler(8, 'Undefined variable: detail', 'D:\\VITO\\KKP\\kkp-radhya\\app\\Views\\JadwalLatihan.php', 13, [...])
 2 SYSTEMPATH\View\View.php(224): include('D:\\VITO\\KKP\\kkp-radhya\\app\\Views\\JadwalLatihan.php')
 3 SYSTEMPATH\View\View.php(227): CodeIgniter\View\View->CodeIgniter\View\{closure}()
 4 SYSTEMPATH\Common.php(1176): CodeIgniter\View\View->render('jadwalLatihan', [], true)
 5 APPPATH\Controllers\Jadwal.php(22): view('jadwalLatihan', [...])
 6 SYSTEMPATH\CodeIgniter.php(932): App\Controllers\Jadwal->data()
 7 SYSTEMPATH\CodeIgniter.php(497): CodeIgniter\CodeIgniter->runController(Object(App\Controllers\Jadwal))
 8 SYSTEMPATH\CodeIgniter.php(366): CodeIgniter\CodeIgniter->handleRequest(null, Object(Config\Cache), false)
 9 FCPATH\index.php(67): CodeIgniter\CodeIgniter->run()
10 SYSTEMPATH\Commands\Server\rewrite.php(47): require_once('D:\\VITO\\KKP\\kkp-radhya\\public\\index.php')
INFO - 2023-08-05 06:48:14 --> Session: Class initialized using 'CodeIgniter\Session\Handlers\FileHandler' driver.
INFO - 2023-08-05 06:48:25 --> Session: Class initialized using 'CodeIgniter\Session\Handlers\FileHandler' driver.
INFO - 2023-08-05 06:48:27 --> Session: Class initialized using 'CodeIgniter\Session\Handlers\FileHandler' driver.
INFO - 2023-08-05 06:49:13 --> Session: Class initialized using 'CodeIgniter\Session\Handlers\FileHandler' driver.
INFO - 2023-08-05 06:53:38 --> Session: Class initialized using 'CodeIgniter\Session\Handlers\FileHandler' driver.
INFO - 2023-08-05 06:56:13 --> Session: Class initialized using 'CodeIgniter\Session\Handlers\FileHandler' driver.
INFO - 2023-08-05 06:56:19 --> Session: Class initialized using 'CodeIgniter\Session\Handlers\FileHandler' driver.
INFO - 2023-08-05 06:56:58 --> Session: Class initialized using 'CodeIgniter\Session\Handlers\FileHandler' driver.
INFO - 2023-08-05 06:57:15 --> Session: Class initialized using 'CodeIgniter\Session\Handlers\FileHandler' driver.
INFO - 2023-08-05 06:57:22 --> Session: Class initialized using 'CodeIgniter\Session\Handlers\FileHandler' driver.
INFO - 2023-08-05 06:57:39 --> Session: Class initialized using 'CodeIgniter\Session\Handlers\FileHandler' driver.
INFO - 2023-08-05 06:57:54 --> Session: Class initialized using 'CodeIgniter\Session\Handlers\FileHandler' driver.
INFO - 2023-08-05 06:57:57 --> Session: Class initialized using 'CodeIgniter\Session\Handlers\FileHandler' driver.
INFO - 2023-08-05 06:58:01 --> Session: Class initialized using 'CodeIgniter\Session\Handlers\FileHandler' driver.
INFO - 2023-08-05 06:58:01 --> Session: Class initialized using 'CodeIgniter\Session\Handlers\FileHandler' driver.
INFO - 2023-08-05 06:58:01 --> Session: Class initialized using 'CodeIgniter\Session\Handlers\FileHandler' driver.
INFO - 2023-08-05 06:58:03 --> Session: Class initialized using 'CodeIgniter\Session\Handlers\FileHandler' driver.
INFO - 2023-08-05 07:02:07 --> Session: Class initialized using 'CodeIgniter\Session\Handlers\FileHandler' driver.
INFO - 2023-08-05 07:02:07 --> Session: Class initialized using 'CodeIgniter\Session\Handlers\FileHandler' driver.
INFO - 2023-08-05 07:02:08 --> Session: Class initialized using 'CodeIgniter\Session\Handlers\FileHandler' driver.
INFO - 2023-08-05 07:02:08 --> Session: Class initialized using 'CodeIgniter\Session\Handlers\FileHandler' driver.
INFO - 2023-08-05 07:02:10 --> Session: Class initialized using 'CodeIgniter\Session\Handlers\FileHandler' driver.
INFO - 2023-08-05 07:03:29 --> Session: Class initialized using 'CodeIgniter\Session\Handlers\FileHandler' driver.
INFO - 2023-08-05 07:11:37 --> Session: Class initialized using 'CodeIgniter\Session\Handlers\FileHandler' driver.
INFO - 2023-08-05 07:11:43 --> Session: Class initialized using 'CodeIgniter\Session\Handlers\FileHandler' driver.
INFO - 2023-08-05 07:11:43 --> Session: Class initialized using 'CodeIgniter\Session\Handlers\FileHandler' driver.
INFO - 2023-08-05 07:11:45 --> Session: Class initialized using 'CodeIgniter\Session\Handlers\FileHandler' driver.
INFO - 2023-08-05 07:12:28 --> Session: Class initialized using 'CodeIgniter\Session\Handlers\FileHandler' driver.
CRITICAL - 2023-08-05 07:12:28 --> Undefined variable: data
in APPPATH\Views\admin\detail_pendaftar.php on line 143.
 1 APPPATH\Views\admin\detail_pendaftar.php(143): CodeIgniter\Debug\Exceptions->errorHandler(8, 'Undefined variable: data', 'D:\\VITO\\KKP\\kkp-radhya\\app\\Views\\admin\\detail_pendaftar.php', 143, [])
 2 SYSTEMPATH\View\View.php(224): include('D:\\VITO\\KKP\\kkp-radhya\\app\\Views\\admin\\detail_pendaftar.php')
 3 SYSTEMPATH\View\View.php(227): CodeIgniter\View\View->CodeIgniter\View\{closure}()
 4 SYSTEMPATH\Common.php(1176): CodeIgniter\View\View->render('/admin/detail_pendaftar', [], true)
 5 APPPATH\Controllers\Registrasi.php(113): view('/admin/detail_pendaftar')
 6 SYSTEMPATH\CodeIgniter.php(932): App\Controllers\Registrasi->detail()
 7 SYSTEMPATH\CodeIgniter.php(497): CodeIgniter\CodeIgniter->runController(Object(App\Controllers\Registrasi))
 8 SYSTEMPATH\CodeIgniter.php(366): CodeIgniter\CodeIgniter->handleRequest(null, Object(Config\Cache), false)
 9 FCPATH\index.php(67): CodeIgniter\CodeIgniter->run()
10 SYSTEMPATH\Commands\Server\rewrite.php(47): require_once('D:\\VITO\\KKP\\kkp-radhya\\public\\index.php')
INFO - 2023-08-05 07:12:30 --> Session: Class initialized using 'CodeIgniter\Session\Handlers\FileHandler' driver.
INFO - 2023-08-05 07:12:34 --> Session: Class initialized using 'CodeIgniter\Session\Handlers\FileHandler' driver.
CRITICAL - 2023-08-05 07:12:34 --> Undefined variable: data
in APPPATH\Views\admin\detail_pendaftar.php on line 143.
 1 APPPATH\Views\admin\detail_pendaftar.php(143): CodeIgniter\Debug\Exceptions->errorHandler(8, 'Undefined variable: data', 'D:\\VITO\\KKP\\kkp-radhya\\app\\Views\\admin\\detail_pendaftar.php', 143, [])
 2 SYSTEMPATH\View\View.php(224): include('D:\\VITO\\KKP\\kkp-radhya\\app\\Views\\admin\\detail_pendaftar.php')
 3 SYSTEMPATH\View\View.php(227): CodeIgniter\View\View->CodeIgniter\View\{closure}()
 4 SYSTEMPATH\Common.php(1176): CodeIgniter\View\View->render('/admin/detail_pendaftar', [], true)
 5 APPPATH\Controllers\Registrasi.php(113): view('/admin/detail_pendaftar')
 6 SYSTEMPATH\CodeIgniter.php(932): App\Controllers\Registrasi->detail()
 7 SYSTEMPATH\CodeIgniter.php(497): CodeIgniter\CodeIgniter->runController(Object(App\Controllers\Registrasi))
 8 SYSTEMPATH\CodeIgniter.php(366): CodeIgniter\CodeIgniter->handleRequest(null, Object(Config\Cache), false)
 9 FCPATH\index.php(67): CodeIgniter\CodeIgniter->run()
10 SYSTEMPATH\Commands\Server\rewrite.php(47): require_once('D:\\VITO\\KKP\\kkp-radhya\\public\\index.php')
INFO - 2023-08-05 07:13:47 --> Session: Class initialized using 'CodeIgniter\Session\Handlers\FileHandler' driver.
CRITICAL - 2023-08-05 07:13:47 --> Undefined variable: registrasi
in APPPATH\Views\admin\detail_pendaftar.php on line 143.
 1 APPPATH\Views\admin\detail_pendaftar.php(143): CodeIgniter\Debug\Exceptions->errorHandler(8, 'Undefined variable: registrasi', 'D:\\VITO\\KKP\\kkp-radhya\\app\\Views\\admin\\detail_pendaftar.php', 143, [])
 2 SYSTEMPATH\View\View.php(224): include('D:\\VITO\\KKP\\kkp-radhya\\app\\Views\\admin\\detail_pendaftar.php')
 3 SYSTEMPATH\View\View.php(227): CodeIgniter\View\View->CodeIgniter\View\{closure}()
 4 SYSTEMPATH\Common.php(1176): CodeIgniter\View\View->render('/admin/detail_pendaftar', [], true)
 5 APPPATH\Controllers\Registrasi.php(113): view('/admin/detail_pendaftar')
 6 SYSTEMPATH\CodeIgniter.php(932): App\Controllers\Registrasi->detail()
 7 SYSTEMPATH\CodeIgniter.php(497): CodeIgniter\CodeIgniter->runController(Object(App\Controllers\Registrasi))
 8 SYSTEMPATH\CodeIgniter.php(366): CodeIgniter\CodeIgniter->handleRequest(null, Object(Config\Cache), false)
 9 FCPATH\index.php(67): CodeIgniter\CodeIgniter->run()
10 SYSTEMPATH\Commands\Server\rewrite.php(47): require_once('D:\\VITO\\KKP\\kkp-radhya\\public\\index.php')
INFO - 2023-08-05 07:17:46 --> Session: Class initialized using 'CodeIgniter\Session\Handlers\FileHandler' driver.
CRITICAL - 2023-08-05 07:17:46 --> Undefined variable: registrasi
in APPPATH\Views\admin\detail_pendaftar.php on line 143.
 1 APPPATH\Views\admin\detail_pendaftar.php(143): CodeIgniter\Debug\Exceptions->errorHandler(8, 'Undefined variable: registrasi', 'D:\\VITO\\KKP\\kkp-radhya\\app\\Views\\admin\\detail_pendaftar.php', 143, [])
 2 SYSTEMPATH\View\View.php(224): include('D:\\VITO\\KKP\\kkp-radhya\\app\\Views\\admin\\detail_pendaftar.php')
 3 SYSTEMPATH\View\View.php(227): CodeIgniter\View\View->CodeIgniter\View\{closure}()
 4 SYSTEMPATH\Common.php(1176): CodeIgniter\View\View->render('/admin/detail_pendaftar', [], true)
 5 APPPATH\Controllers\Registrasi.php(113): view('/admin/detail_pendaftar')
 6 SYSTEMPATH\CodeIgniter.php(932): App\Controllers\Registrasi->detail()
 7 SYSTEMPATH\CodeIgniter.php(497): CodeIgniter\CodeIgniter->runController(Object(App\Controllers\Registrasi))
 8 SYSTEMPATH\CodeIgniter.php(366): CodeIgniter\CodeIgniter->handleRequest(null, Object(Config\Cache), false)
 9 FCPATH\index.php(67): CodeIgniter\CodeIgniter->run()
10 SYSTEMPATH\Commands\Server\rewrite.php(47): require_once('D:\\VITO\\KKP\\kkp-radhya\\public\\index.php')
INFO - 2023-08-05 07:17:46 --> Session: Class initialized using 'CodeIgniter\Session\Handlers\FileHandler' driver.
CRITICAL - 2023-08-05 07:17:46 --> Undefined variable: registrasi
in APPPATH\Views\admin\detail_pendaftar.php on line 143.
 1 APPPATH\Views\admin\detail_pendaftar.php(143): CodeIgniter\Debug\Exceptions->errorHandler(8, 'Undefined variable: registrasi', 'D:\\VITO\\KKP\\kkp-radhya\\app\\Views\\admin\\detail_pendaftar.php', 143, [])
 2 SYSTEMPATH\View\View.php(224): include('D:\\VITO\\KKP\\kkp-radhya\\app\\Views\\admin\\detail_pendaftar.php')
 3 SYSTEMPATH\View\View.php(227): CodeIgniter\View\View->CodeIgniter\View\{closure}()
 4 SYSTEMPATH\Common.php(1176): CodeIgniter\View\View->render('/admin/detail_pendaftar', [], true)
 5 APPPATH\Controllers\Registrasi.php(113): view('/admin/detail_pendaftar')
 6 SYSTEMPATH\CodeIgniter.php(932): App\Controllers\Registrasi->detail()
 7 SYSTEMPATH\CodeIgniter.php(497): CodeIgniter\CodeIgniter->runController(Object(App\Controllers\Registrasi))
 8 SYSTEMPATH\CodeIgniter.php(366): CodeIgniter\CodeIgniter->handleRequest(null, Object(Config\Cache), false)
 9 FCPATH\index.php(67): CodeIgniter\CodeIgniter->run()
10 SYSTEMPATH\Commands\Server\rewrite.php(47): require_once('D:\\VITO\\KKP\\kkp-radhya\\public\\index.php')
INFO - 2023-08-05 07:17:47 --> Session: Class initialized using 'CodeIgniter\Session\Handlers\FileHandler' driver.
CRITICAL - 2023-08-05 07:17:47 --> Undefined variable: registrasi
in APPPATH\Views\admin\detail_pendaftar.php on line 143.
 1 APPPATH\Views\admin\detail_pendaftar.php(143): CodeIgniter\Debug\Exceptions->errorHandler(8, 'Undefined variable: registrasi', 'D:\\VITO\\KKP\\kkp-radhya\\app\\Views\\admin\\detail_pendaftar.php', 143, [])
 2 SYSTEMPATH\View\View.php(224): include('D:\\VITO\\KKP\\kkp-radhya\\app\\Views\\admin\\detail_pendaftar.php')
 3 SYSTEMPATH\View\View.php(227): CodeIgniter\View\View->CodeIgniter\View\{closure}()
 4 SYSTEMPATH\Common.php(1176): CodeIgniter\View\View->render('/admin/detail_pendaftar', [], true)
 5 APPPATH\Controllers\Registrasi.php(113): view('/admin/detail_pendaftar')
 6 SYSTEMPATH\CodeIgniter.php(932): App\Controllers\Registrasi->detail()
 7 SYSTEMPATH\CodeIgniter.php(497): CodeIgniter\CodeIgniter->runController(Object(App\Controllers\Registrasi))
 8 SYSTEMPATH\CodeIgniter.php(366): CodeIgniter\CodeIgniter->handleRequest(null, Object(Config\Cache), false)
 9 FCPATH\index.php(67): CodeIgniter\CodeIgniter->run()
10 SYSTEMPATH\Commands\Server\rewrite.php(47): require_once('D:\\VITO\\KKP\\kkp-radhya\\public\\index.php')
INFO - 2023-08-05 07:22:06 --> Session: Class initialized using 'CodeIgniter\Session\Handlers\FileHandler' driver.
CRITICAL - 2023-08-05 07:22:06 --> Undefined variable: registrasi
in APPPATH\Views\admin\detail_pendaftar.php on line 143.
 1 APPPATH\Views\admin\detail_pendaftar.php(143): CodeIgniter\Debug\Exceptions->errorHandler(8, 'Undefined variable: registrasi', 'D:\\VITO\\KKP\\kkp-radhya\\app\\Views\\admin\\detail_pendaftar.php', 143, [])
 2 SYSTEMPATH\View\View.php(224): include('D:\\VITO\\KKP\\kkp-radhya\\app\\Views\\admin\\detail_pendaftar.php')
 3 SYSTEMPATH\View\View.php(227): CodeIgniter\View\View->CodeIgniter\View\{closure}()
 4 SYSTEMPATH\Common.php(1176): CodeIgniter\View\View->render('/admin/detail_pendaftar', [], true)
 5 APPPATH\Controllers\Registrasi.php(113): view('/admin/detail_pendaftar')
 6 SYSTEMPATH\CodeIgniter.php(932): App\Controllers\Registrasi->detail()
 7 SYSTEMPATH\CodeIgniter.php(497): CodeIgniter\CodeIgniter->runController(Object(App\Controllers\Registrasi))
 8 SYSTEMPATH\CodeIgniter.php(366): CodeIgniter\CodeIgniter->handleRequest(null, Object(Config\Cache), false)
 9 FCPATH\index.php(67): CodeIgniter\CodeIgniter->run()
10 SYSTEMPATH\Commands\Server\rewrite.php(47): require_once('D:\\VITO\\KKP\\kkp-radhya\\public\\index.php')
INFO - 2023-08-05 07:22:06 --> Session: Class initialized using 'CodeIgniter\Session\Handlers\FileHandler' driver.
CRITICAL - 2023-08-05 07:22:06 --> Undefined variable: registrasi
in APPPATH\Views\admin\detail_pendaftar.php on line 143.
 1 APPPATH\Views\admin\detail_pendaftar.php(143): CodeIgniter\Debug\Exceptions->errorHandler(8, 'Undefined variable: registrasi', 'D:\\VITO\\KKP\\kkp-radhya\\app\\Views\\admin\\detail_pendaftar.php', 143, [])
 2 SYSTEMPATH\View\View.php(224): include('D:\\VITO\\KKP\\kkp-radhya\\app\\Views\\admin\\detail_pendaftar.php')
 3 SYSTEMPATH\View\View.php(227): CodeIgniter\View\View->CodeIgniter\View\{closure}()
 4 SYSTEMPATH\Common.php(1176): CodeIgniter\View\View->render('/admin/detail_pendaftar', [], true)
 5 APPPATH\Controllers\Registrasi.php(113): view('/admin/detail_pendaftar')
 6 SYSTEMPATH\CodeIgniter.php(932): App\Controllers\Registrasi->detail()
 7 SYSTEMPATH\CodeIgniter.php(497): CodeIgniter\CodeIgniter->runController(Object(App\Controllers\Registrasi))
 8 SYSTEMPATH\CodeIgniter.php(366): CodeIgniter\CodeIgniter->handleRequest(null, Object(Config\Cache), false)
 9 FCPATH\index.php(67): CodeIgniter\CodeIgniter->run()
10 SYSTEMPATH\Commands\Server\rewrite.php(47): require_once('D:\\VITO\\KKP\\kkp-radhya\\public\\index.php')
INFO - 2023-08-05 07:22:07 --> Session: Class initialized using 'CodeIgniter\Session\Handlers\FileHandler' driver.
INFO - 2023-08-05 07:22:10 --> Session: Class initialized using 'CodeIgniter\Session\Handlers\FileHandler' driver.
CRITICAL - 2023-08-05 07:22:10 --> Undefined variable: registrasi
in APPPATH\Views\admin\detail_pendaftar.php on line 143.
 1 APPPATH\Views\admin\detail_pendaftar.php(143): CodeIgniter\Debug\Exceptions->errorHandler(8, 'Undefined variable: registrasi', 'D:\\VITO\\KKP\\kkp-radhya\\app\\Views\\admin\\detail_pendaftar.php', 143, [])
 2 SYSTEMPATH\View\View.php(224): include('D:\\VITO\\KKP\\kkp-radhya\\app\\Views\\admin\\detail_pendaftar.php')
 3 SYSTEMPATH\View\View.php(227): CodeIgniter\View\View->CodeIgniter\View\{closure}()
 4 SYSTEMPATH\Common.php(1176): CodeIgniter\View\View->render('/admin/detail_pendaftar', [], true)
 5 APPPATH\Controllers\Registrasi.php(113): view('/admin/detail_pendaftar')
 6 SYSTEMPATH\CodeIgniter.php(932): App\Controllers\Registrasi->detail()
 7 SYSTEMPATH\CodeIgniter.php(497): CodeIgniter\CodeIgniter->runController(Object(App\Controllers\Registrasi))
 8 SYSTEMPATH\CodeIgniter.php(366): CodeIgniter\CodeIgniter->handleRequest(null, Object(Config\Cache), false)
 9 FCPATH\index.php(67): CodeIgniter\CodeIgniter->run()
10 SYSTEMPATH\Commands\Server\rewrite.php(47): require_once('D:\\VITO\\KKP\\kkp-radhya\\public\\index.php')
INFO - 2023-08-05 07:22:14 --> Session: Class initialized using 'CodeIgniter\Session\Handlers\FileHandler' driver.
INFO - 2023-08-05 07:24:47 --> Session: Class initialized using 'CodeIgniter\Session\Handlers\FileHandler' driver.
INFO - 2023-08-05 07:24:49 --> Session: Class initialized using 'CodeIgniter\Session\Handlers\FileHandler' driver.
CRITICAL - 2023-08-05 07:24:49 --> Undefined index: nis
in APPPATH\Views\admin\detail_pendaftar.php on line 143.
 1 APPPATH\Views\admin\detail_pendaftar.php(143): CodeIgniter\Debug\Exceptions->errorHandler(8, 'Undefined index: nis', 'D:\\VITO\\KKP\\kkp-radhya\\app\\Views\\admin\\detail_pendaftar.php', 143, [...])
 2 SYSTEMPATH\View\View.php(224): include('D:\\VITO\\KKP\\kkp-radhya\\app\\Views\\admin\\detail_pendaftar.php')
 3 SYSTEMPATH\View\View.php(227): CodeIgniter\View\View->CodeIgniter\View\{closure}()
 4 SYSTEMPATH\Common.php(1176): CodeIgniter\View\View->render('/admin/detail_pendaftar', [], true)
 5 APPPATH\Controllers\Registrasi.php(127): view('/admin/detail_pendaftar', [...])
 6 SYSTEMPATH\CodeIgniter.php(932): App\Controllers\Registrasi->detail()
 7 SYSTEMPATH\CodeIgniter.php(497): CodeIgniter\CodeIgniter->runController(Object(App\Controllers\Registrasi))
 8 SYSTEMPATH\CodeIgniter.php(366): CodeIgniter\CodeIgniter->handleRequest(null, Object(Config\Cache), false)
 9 FCPATH\index.php(67): CodeIgniter\CodeIgniter->run()
10 SYSTEMPATH\Commands\Server\rewrite.php(47): require_once('D:\\VITO\\KKP\\kkp-radhya\\public\\index.php')
INFO - 2023-08-05 07:25:43 --> Session: Class initialized using 'CodeIgniter\Session\Handlers\FileHandler' driver.
CRITICAL - 2023-08-05 07:25:43 --> Undefined index: nis
in APPPATH\Views\admin\detail_pendaftar.php on line 143.
 1 APPPATH\Views\admin\detail_pendaftar.php(143): CodeIgniter\Debug\Exceptions->errorHandler(8, 'Undefined index: nis', 'D:\\VITO\\KKP\\kkp-radhya\\app\\Views\\admin\\detail_pendaftar.php', 143, [...])
 2 SYSTEMPATH\View\View.php(224): include('D:\\VITO\\KKP\\kkp-radhya\\app\\Views\\admin\\detail_pendaftar.php')
 3 SYSTEMPATH\View\View.php(227): CodeIgniter\View\View->CodeIgniter\View\{closure}()
 4 SYSTEMPATH\Common.php(1176): CodeIgniter\View\View->render('/admin/detail_pendaftar', [], true)
 5 APPPATH\Controllers\Registrasi.php(127): view('/admin/detail_pendaftar', [...])
 6 SYSTEMPATH\CodeIgniter.php(932): App\Controllers\Registrasi->detail()
 7 SYSTEMPATH\CodeIgniter.php(497): CodeIgniter\CodeIgniter->runController(Object(App\Controllers\Registrasi))
 8 SYSTEMPATH\CodeIgniter.php(366): CodeIgniter\CodeIgniter->handleRequest(null, Object(Config\Cache), false)
 9 FCPATH\index.php(67): CodeIgniter\CodeIgniter->run()
10 SYSTEMPATH\Commands\Server\rewrite.php(47): require_once('D:\\VITO\\KKP\\kkp-radhya\\public\\index.php')
INFO - 2023-08-05 07:25:44 --> Session: Class initialized using 'CodeIgniter\Session\Handlers\FileHandler' driver.
CRITICAL - 2023-08-05 07:25:44 --> Undefined index: nis
in APPPATH\Views\admin\detail_pendaftar.php on line 143.
 1 APPPATH\Views\admin\detail_pendaftar.php(143): CodeIgniter\Debug\Exceptions->errorHandler(8, 'Undefined index: nis', 'D:\\VITO\\KKP\\kkp-radhya\\app\\Views\\admin\\detail_pendaftar.php', 143, [...])
 2 SYSTEMPATH\View\View.php(224): include('D:\\VITO\\KKP\\kkp-radhya\\app\\Views\\admin\\detail_pendaftar.php')
 3 SYSTEMPATH\View\View.php(227): CodeIgniter\View\View->CodeIgniter\View\{closure}()
 4 SYSTEMPATH\Common.php(1176): CodeIgniter\View\View->render('/admin/detail_pendaftar', [], true)
 5 APPPATH\Controllers\Registrasi.php(127): view('/admin/detail_pendaftar', [...])
 6 SYSTEMPATH\CodeIgniter.php(932): App\Controllers\Registrasi->detail()
 7 SYSTEMPATH\CodeIgniter.php(497): CodeIgniter\CodeIgniter->runController(Object(App\Controllers\Registrasi))
 8 SYSTEMPATH\CodeIgniter.php(366): CodeIgniter\CodeIgniter->handleRequest(null, Object(Config\Cache), false)
 9 FCPATH\index.php(67): CodeIgniter\CodeIgniter->run()
10 SYSTEMPATH\Commands\Server\rewrite.php(47): require_once('D:\\VITO\\KKP\\kkp-radhya\\public\\index.php')
INFO - 2023-08-05 07:26:07 --> Session: Class initialized using 'CodeIgniter\Session\Handlers\FileHandler' driver.
CRITICAL - 2023-08-05 07:26:07 --> Undefined variable: data
in APPPATH\Views\admin\detail_pendaftar.php on line 143.
 1 APPPATH\Views\admin\detail_pendaftar.php(143): CodeIgniter\Debug\Exceptions->errorHandler(8, 'Undefined variable: data', 'D:\\VITO\\KKP\\kkp-radhya\\app\\Views\\admin\\detail_pendaftar.php', 143, [...])
 2 SYSTEMPATH\View\View.php(224): include('D:\\VITO\\KKP\\kkp-radhya\\app\\Views\\admin\\detail_pendaftar.php')
 3 SYSTEMPATH\View\View.php(227): CodeIgniter\View\View->CodeIgniter\View\{closure}()
 4 SYSTEMPATH\Common.php(1176): CodeIgniter\View\View->render('/admin/detail_pendaftar', [], true)
 5 APPPATH\Controllers\Registrasi.php(127): view('/admin/detail_pendaftar', [...])
 6 SYSTEMPATH\CodeIgniter.php(932): App\Controllers\Registrasi->detail()
 7 SYSTEMPATH\CodeIgniter.php(497): CodeIgniter\CodeIgniter->runController(Object(App\Controllers\Registrasi))
 8 SYSTEMPATH\CodeIgniter.php(366): CodeIgniter\CodeIgniter->handleRequest(null, Object(Config\Cache), false)
 9 FCPATH\index.php(67): CodeIgniter\CodeIgniter->run()
10 SYSTEMPATH\Commands\Server\rewrite.php(47): require_once('D:\\VITO\\KKP\\kkp-radhya\\public\\index.php')
INFO - 2023-08-05 07:26:13 --> Session: Class initialized using 'CodeIgniter\Session\Handlers\FileHandler' driver.
CRITICAL - 2023-08-05 07:26:13 --> Undefined index: nama_siswa
in APPPATH\Views\admin\detail_pendaftar.php on line 143.
 1 APPPATH\Views\admin\detail_pendaftar.php(143): CodeIgniter\Debug\Exceptions->errorHandler(8, 'Undefined index: nama_siswa', 'D:\\VITO\\KKP\\kkp-radhya\\app\\Views\\admin\\detail_pendaftar.php', 143, [...])
 2 SYSTEMPATH\View\View.php(224): include('D:\\VITO\\KKP\\kkp-radhya\\app\\Views\\admin\\detail_pendaftar.php')
 3 SYSTEMPATH\View\View.php(227): CodeIgniter\View\View->CodeIgniter\View\{closure}()
 4 SYSTEMPATH\Common.php(1176): CodeIgniter\View\View->render('/admin/detail_pendaftar', [], true)
 5 APPPATH\Controllers\Registrasi.php(127): view('/admin/detail_pendaftar', [...])
 6 SYSTEMPATH\CodeIgniter.php(932): App\Controllers\Registrasi->detail()
 7 SYSTEMPATH\CodeIgniter.php(497): CodeIgniter\CodeIgniter->runController(Object(App\Controllers\Registrasi))
 8 SYSTEMPATH\CodeIgniter.php(366): CodeIgniter\CodeIgniter->handleRequest(null, Object(Config\Cache), false)
 9 FCPATH\index.php(67): CodeIgniter\CodeIgniter->run()
10 SYSTEMPATH\Commands\Server\rewrite.php(47): require_once('D:\\VITO\\KKP\\kkp-radhya\\public\\index.php')
INFO - 2023-08-05 07:26:14 --> Session: Class initialized using 'CodeIgniter\Session\Handlers\FileHandler' driver.
CRITICAL - 2023-08-05 07:26:14 --> Undefined index: nama_siswa
in APPPATH\Views\admin\detail_pendaftar.php on line 143.
 1 APPPATH\Views\admin\detail_pendaftar.php(143): CodeIgniter\Debug\Exceptions->errorHandler(8, 'Undefined index: nama_siswa', 'D:\\VITO\\KKP\\kkp-radhya\\app\\Views\\admin\\detail_pendaftar.php', 143, [...])
 2 SYSTEMPATH\View\View.php(224): include('D:\\VITO\\KKP\\kkp-radhya\\app\\Views\\admin\\detail_pendaftar.php')
 3 SYSTEMPATH\View\View.php(227): CodeIgniter\View\View->CodeIgniter\View\{closure}()
 4 SYSTEMPATH\Common.php(1176): CodeIgniter\View\View->render('/admin/detail_pendaftar', [], true)
 5 APPPATH\Controllers\Registrasi.php(127): view('/admin/detail_pendaftar', [...])
 6 SYSTEMPATH\CodeIgniter.php(932): App\Controllers\Registrasi->detail()
 7 SYSTEMPATH\CodeIgniter.php(497): CodeIgniter\CodeIgniter->runController(Object(App\Controllers\Registrasi))
 8 SYSTEMPATH\CodeIgniter.php(366): CodeIgniter\CodeIgniter->handleRequest(null, Object(Config\Cache), false)
 9 FCPATH\index.php(67): CodeIgniter\CodeIgniter->run()
10 SYSTEMPATH\Commands\Server\rewrite.php(47): require_once('D:\\VITO\\KKP\\kkp-radhya\\public\\index.php')
INFO - 2023-08-05 07:29:16 --> Session: Class initialized using 'CodeIgniter\Session\Handlers\FileHandler' driver.
CRITICAL - 2023-08-05 07:29:16 --> Undefined index: nama_siswa
in APPPATH\Views\admin\detail_pendaftar.php on line 143.
 1 APPPATH\Views\admin\detail_pendaftar.php(143): CodeIgniter\Debug\Exceptions->errorHandler(8, 'Undefined index: nama_siswa', 'D:\\VITO\\KKP\\kkp-radhya\\app\\Views\\admin\\detail_pendaftar.php', 143, [...])
 2 SYSTEMPATH\View\View.php(224): include('D:\\VITO\\KKP\\kkp-radhya\\app\\Views\\admin\\detail_pendaftar.php')
 3 SYSTEMPATH\View\View.php(227): CodeIgniter\View\View->CodeIgniter\View\{closure}()
 4 SYSTEMPATH\Common.php(1176): CodeIgniter\View\View->render('admin/detail_pendaftar', [], true)
 5 APPPATH\Controllers\Registrasi.php(127): view('admin/detail_pendaftar', [...])
 6 SYSTEMPATH\CodeIgniter.php(932): App\Controllers\Registrasi->detail()
 7 SYSTEMPATH\CodeIgniter.php(497): CodeIgniter\CodeIgniter->runController(Object(App\Controllers\Registrasi))
 8 SYSTEMPATH\CodeIgniter.php(366): CodeIgniter\CodeIgniter->handleRequest(null, Object(Config\Cache), false)
 9 FCPATH\index.php(67): CodeIgniter\CodeIgniter->run()
10 SYSTEMPATH\Commands\Server\rewrite.php(47): require_once('D:\\VITO\\KKP\\kkp-radhya\\public\\index.php')
INFO - 2023-08-05 07:29:17 --> Session: Class initialized using 'CodeIgniter\Session\Handlers\FileHandler' driver.
INFO - 2023-08-05 07:29:18 --> Session: Class initialized using 'CodeIgniter\Session\Handlers\FileHandler' driver.
CRITICAL - 2023-08-05 07:29:18 --> Undefined index: nama_siswa
in APPPATH\Views\admin\detail_pendaftar.php on line 143.
 1 APPPATH\Views\admin\detail_pendaftar.php(143): CodeIgniter\Debug\Exceptions->errorHandler(8, 'Undefined index: nama_siswa', 'D:\\VITO\\KKP\\kkp-radhya\\app\\Views\\admin\\detail_pendaftar.php', 143, [...])
 2 SYSTEMPATH\View\View.php(224): include('D:\\VITO\\KKP\\kkp-radhya\\app\\Views\\admin\\detail_pendaftar.php')
 3 SYSTEMPATH\View\View.php(227): CodeIgniter\View\View->CodeIgniter\View\{closure}()
 4 SYSTEMPATH\Common.php(1176): CodeIgniter\View\View->render('admin/detail_pendaftar', [], true)
 5 APPPATH\Controllers\Registrasi.php(127): view('admin/detail_pendaftar', [...])
 6 SYSTEMPATH\CodeIgniter.php(932): App\Controllers\Registrasi->detail()
 7 SYSTEMPATH\CodeIgniter.php(497): CodeIgniter\CodeIgniter->runController(Object(App\Controllers\Registrasi))
 8 SYSTEMPATH\CodeIgniter.php(366): CodeIgniter\CodeIgniter->handleRequest(null, Object(Config\Cache), false)
 9 FCPATH\index.php(67): CodeIgniter\CodeIgniter->run()
10 SYSTEMPATH\Commands\Server\rewrite.php(47): require_once('D:\\VITO\\KKP\\kkp-radhya\\public\\index.php')
INFO - 2023-08-05 07:29:20 --> Session: Class initialized using 'CodeIgniter\Session\Handlers\FileHandler' driver.
INFO - 2023-08-05 07:29:22 --> Session: Class initialized using 'CodeIgniter\Session\Handlers\FileHandler' driver.
CRITICAL - 2023-08-05 07:29:22 --> Undefined index: nama_siswa
in APPPATH\Views\admin\detail_pendaftar.php on line 143.
 1 APPPATH\Views\admin\detail_pendaftar.php(143): CodeIgniter\Debug\Exceptions->errorHandler(8, 'Undefined index: nama_siswa', 'D:\\VITO\\KKP\\kkp-radhya\\app\\Views\\admin\\detail_pendaftar.php', 143, [...])
 2 SYSTEMPATH\View\View.php(224): include('D:\\VITO\\KKP\\kkp-radhya\\app\\Views\\admin\\detail_pendaftar.php')
 3 SYSTEMPATH\View\View.php(227): CodeIgniter\View\View->CodeIgniter\View\{closure}()
 4 SYSTEMPATH\Common.php(1176): CodeIgniter\View\View->render('admin/detail_pendaftar', [], true)
 5 APPPATH\Controllers\Registrasi.php(127): view('admin/detail_pendaftar', [...])
 6 SYSTEMPATH\CodeIgniter.php(932): App\Controllers\Registrasi->detail()
 7 SYSTEMPATH\CodeIgniter.php(497): CodeIgniter\CodeIgniter->runController(Object(App\Controllers\Registrasi))
 8 SYSTEMPATH\CodeIgniter.php(366): CodeIgniter\CodeIgniter->handleRequest(null, Object(Config\Cache), false)
 9 FCPATH\index.php(67): CodeIgniter\CodeIgniter->run()
10 SYSTEMPATH\Commands\Server\rewrite.php(47): require_once('D:\\VITO\\KKP\\kkp-radhya\\public\\index.php')
INFO - 2023-08-05 07:32:23 --> Session: Class initialized using 'CodeIgniter\Session\Handlers\FileHandler' driver.
INFO - 2023-08-05 07:32:23 --> Session: Class initialized using 'CodeIgniter\Session\Handlers\FileHandler' driver.
INFO - 2023-08-05 07:32:47 --> Session: Class initialized using 'CodeIgniter\Session\Handlers\FileHandler' driver.
CRITICAL - 2023-08-05 07:32:47 --> Undefined index: nama_siswa
in APPPATH\Views\admin\detail_pendaftar.php on line 143.
 1 APPPATH\Views\admin\detail_pendaftar.php(143): CodeIgniter\Debug\Exceptions->errorHandler(8, 'Undefined index: nama_siswa', 'D:\\VITO\\KKP\\kkp-radhya\\app\\Views\\admin\\detail_pendaftar.php', 143, [...])
 2 SYSTEMPATH\View\View.php(224): include('D:\\VITO\\KKP\\kkp-radhya\\app\\Views\\admin\\detail_pendaftar.php')
 3 SYSTEMPATH\View\View.php(227): CodeIgniter\View\View->CodeIgniter\View\{closure}()
 4 SYSTEMPATH\Common.php(1176): CodeIgniter\View\View->render('admin/detail_pendaftar', [], true)
 5 APPPATH\Controllers\Registrasi.php(120): view('admin/detail_pendaftar', [...])
 6 SYSTEMPATH\CodeIgniter.php(932): App\Controllers\Registrasi->detail()
 7 SYSTEMPATH\CodeIgniter.php(497): CodeIgniter\CodeIgniter->runController(Object(App\Controllers\Registrasi))
 8 SYSTEMPATH\CodeIgniter.php(366): CodeIgniter\CodeIgniter->handleRequest(null, Object(Config\Cache), false)
 9 FCPATH\index.php(67): CodeIgniter\CodeIgniter->run()
10 SYSTEMPATH\Commands\Server\rewrite.php(47): require_once('D:\\VITO\\KKP\\kkp-radhya\\public\\index.php')
INFO - 2023-08-05 07:35:20 --> Session: Class initialized using 'CodeIgniter\Session\Handlers\FileHandler' driver.
CRITICAL - 2023-08-05 07:35:20 --> Undefined index: nama_siswa
in APPPATH\Views\admin\detail_pendaftar.php on line 143.
 1 APPPATH\Views\admin\detail_pendaftar.php(143): CodeIgniter\Debug\Exceptions->errorHandler(8, 'Undefined index: nama_siswa', 'D:\\VITO\\KKP\\kkp-radhya\\app\\Views\\admin\\detail_pendaftar.php', 143, [...])
 2 SYSTEMPATH\View\View.php(224): include('D:\\VITO\\KKP\\kkp-radhya\\app\\Views\\admin\\detail_pendaftar.php')
 3 SYSTEMPATH\View\View.php(227): CodeIgniter\View\View->CodeIgniter\View\{closure}()
 4 SYSTEMPATH\Common.php(1176): CodeIgniter\View\View->render('admin/detail_pendaftar', [], true)
 5 APPPATH\Controllers\Registrasi.php(120): view('admin/detail_pendaftar', [...])
 6 SYSTEMPATH\CodeIgniter.php(932): App\Controllers\Registrasi->detail()
 7 SYSTEMPATH\CodeIgniter.php(497): CodeIgniter\CodeIgniter->runController(Object(App\Controllers\Registrasi))
 8 SYSTEMPATH\CodeIgniter.php(366): CodeIgniter\CodeIgniter->handleRequest(null, Object(Config\Cache), false)
 9 FCPATH\index.php(67): CodeIgniter\CodeIgniter->run()
10 SYSTEMPATH\Commands\Server\rewrite.php(47): require_once('D:\\VITO\\KKP\\kkp-radhya\\public\\index.php')
INFO - 2023-08-05 07:35:27 --> Session: Class initialized using 'CodeIgniter\Session\Handlers\FileHandler' driver.
INFO - 2023-08-05 07:35:28 --> Session: Class initialized using 'CodeIgniter\Session\Handlers\FileHandler' driver.
INFO - 2023-08-05 07:35:29 --> Session: Class initialized using 'CodeIgniter\Session\Handlers\FileHandler' driver.
CRITICAL - 2023-08-05 07:35:29 --> Undefined index: nama_siswa
in APPPATH\Views\admin\detail_pendaftar.php on line 143.
 1 APPPATH\Views\admin\detail_pendaftar.php(143): CodeIgniter\Debug\Exceptions->errorHandler(8, 'Undefined index: nama_siswa', 'D:\\VITO\\KKP\\kkp-radhya\\app\\Views\\admin\\detail_pendaftar.php', 143, [...])
 2 SYSTEMPATH\View\View.php(224): include('D:\\VITO\\KKP\\kkp-radhya\\app\\Views\\admin\\detail_pendaftar.php')
 3 SYSTEMPATH\View\View.php(227): CodeIgniter\View\View->CodeIgniter\View\{closure}()
 4 SYSTEMPATH\Common.php(1176): CodeIgniter\View\View->render('admin/detail_pendaftar', [], true)
 5 APPPATH\Controllers\Registrasi.php(120): view('admin/detail_pendaftar', [...])
 6 SYSTEMPATH\CodeIgniter.php(932): App\Controllers\Registrasi->detail()
 7 SYSTEMPATH\CodeIgniter.php(497): CodeIgniter\CodeIgniter->runController(Object(App\Controllers\Registrasi))
 8 SYSTEMPATH\CodeIgniter.php(366): CodeIgniter\CodeIgniter->handleRequest(null, Object(Config\Cache), false)
 9 FCPATH\index.php(67): CodeIgniter\CodeIgniter->run()
10 SYSTEMPATH\Commands\Server\rewrite.php(47): require_once('D:\\VITO\\KKP\\kkp-radhya\\public\\index.php')
INFO - 2023-08-05 07:35:51 --> Session: Class initialized using 'CodeIgniter\Session\Handlers\FileHandler' driver.
INFO - 2023-08-05 07:35:53 --> Session: Class initialized using 'CodeIgniter\Session\Handlers\FileHandler' driver.
CRITICAL - 2023-08-05 07:35:53 --> Undefined index: nama_siswa
in APPPATH\Views\admin\detail_pendaftar.php on line 143.
 1 APPPATH\Views\admin\detail_pendaftar.php(143): CodeIgniter\Debug\Exceptions->errorHandler(8, 'Undefined index: nama_siswa', 'D:\\VITO\\KKP\\kkp-radhya\\app\\Views\\admin\\detail_pendaftar.php', 143, [...])
 2 SYSTEMPATH\View\View.php(224): include('D:\\VITO\\KKP\\kkp-radhya\\app\\Views\\admin\\detail_pendaftar.php')
 3 SYSTEMPATH\View\View.php(227): CodeIgniter\View\View->CodeIgniter\View\{closure}()
 4 SYSTEMPATH\Common.php(1176): CodeIgniter\View\View->render('admin/detail_pendaftar', [], true)
 5 APPPATH\Controllers\Registrasi.php(120): view('admin/detail_pendaftar', [...])
 6 SYSTEMPATH\CodeIgniter.php(932): App\Controllers\Registrasi->detail()
 7 SYSTEMPATH\CodeIgniter.php(497): CodeIgniter\CodeIgniter->runController(Object(App\Controllers\Registrasi))
 8 SYSTEMPATH\CodeIgniter.php(366): CodeIgniter\CodeIgniter->handleRequest(null, Object(Config\Cache), false)
 9 FCPATH\index.php(67): CodeIgniter\CodeIgniter->run()
10 SYSTEMPATH\Commands\Server\rewrite.php(47): require_once('D:\\VITO\\KKP\\kkp-radhya\\public\\index.php')
INFO - 2023-08-05 07:36:06 --> Session: Class initialized using 'CodeIgniter\Session\Handlers\FileHandler' driver.
INFO - 2023-08-05 07:36:43 --> Session: Class initialized using 'CodeIgniter\Session\Handlers\FileHandler' driver.
INFO - 2023-08-05 07:36:45 --> Session: Class initialized using 'CodeIgniter\Session\Handlers\FileHandler' driver.
INFO - 2023-08-05 07:36:46 --> Session: Class initialized using 'CodeIgniter\Session\Handlers\FileHandler' driver.
INFO - 2023-08-05 07:36:48 --> Session: Class initialized using 'CodeIgniter\Session\Handlers\FileHandler' driver.
INFO - 2023-08-05 07:36:49 --> Session: Class initialized using 'CodeIgniter\Session\Handlers\FileHandler' driver.
INFO - 2023-08-05 07:36:51 --> Session: Class initialized using 'CodeIgniter\Session\Handlers\FileHandler' driver.
INFO - 2023-08-05 07:36:56 --> Session: Class initialized using 'CodeIgniter\Session\Handlers\FileHandler' driver.
INFO - 2023-08-05 07:36:59 --> Session: Class initialized using 'CodeIgniter\Session\Handlers\FileHandler' driver.
INFO - 2023-08-05 07:37:02 --> Session: Class initialized using 'CodeIgniter\Session\Handlers\FileHandler' driver.
INFO - 2023-08-05 07:37:04 --> Session: Class initialized using 'CodeIgniter\Session\Handlers\FileHandler' driver.
INFO - 2023-08-05 07:37:06 --> Session: Class initialized using 'CodeIgniter\Session\Handlers\FileHandler' driver.
INFO - 2023-08-05 07:37:07 --> Session: Class initialized using 'CodeIgniter\Session\Handlers\FileHandler' driver.
INFO - 2023-08-05 07:37:40 --> Session: Class initialized using 'CodeIgniter\Session\Handlers\FileHandler' driver.
INFO - 2023-08-05 07:37:42 --> Session: Class initialized using 'CodeIgniter\Session\Handlers\FileHandler' driver.
INFO - 2023-08-05 07:37:43 --> Session: Class initialized using 'CodeIgniter\Session\Handlers\FileHandler' driver.
INFO - 2023-08-05 07:37:46 --> Session: Class initialized using 'CodeIgniter\Session\Handlers\FileHandler' driver.
INFO - 2023-08-05 07:37:56 --> Session: Class initialized using 'CodeIgniter\Session\Handlers\FileHandler' driver.
INFO - 2023-08-05 07:37:58 --> Session: Class initialized using 'CodeIgniter\Session\Handlers\FileHandler' driver.
INFO - 2023-08-05 07:37:59 --> Session: Class initialized using 'CodeIgniter\Session\Handlers\FileHandler' driver.
INFO - 2023-08-05 07:38:38 --> Session: Class initialized using 'CodeIgniter\Session\Handlers\FileHandler' driver.
INFO - 2023-08-05 07:38:47 --> Session: Class initialized using 'CodeIgniter\Session\Handlers\FileHandler' driver.
INFO - 2023-08-05 07:38:51 --> Session: Class initialized using 'CodeIgniter\Session\Handlers\FileHandler' driver.
INFO - 2023-08-05 07:38:59 --> Session: Class initialized using 'CodeIgniter\Session\Handlers\FileHandler' driver.
INFO - 2023-08-05 07:42:12 --> Session: Class initialized using 'CodeIgniter\Session\Handlers\FileHandler' driver.
CRITICAL - 2023-08-05 07:42:12 --> Undefined variable: data
in APPPATH\Views\admin\detail_pendaftar.php on line 145.
 1 APPPATH\Views\admin\detail_pendaftar.php(145): CodeIgniter\Debug\Exceptions->errorHandler(8, 'Undefined variable: data', 'D:\\VITO\\KKP\\kkp-radhya\\app\\Views\\admin\\detail_pendaftar.php', 145, [...])
 2 SYSTEMPATH\View\View.php(224): include('D:\\VITO\\KKP\\kkp-radhya\\app\\Views\\admin\\detail_pendaftar.php')
 3 SYSTEMPATH\View\View.php(227): CodeIgniter\View\View->CodeIgniter\View\{closure}()
 4 SYSTEMPATH\Common.php(1176): CodeIgniter\View\View->render('admin/detail_pendaftar', [], true)
 5 APPPATH\Controllers\Registrasi.php(120): view('admin/detail_pendaftar', [...])
 6 SYSTEMPATH\CodeIgniter.php(932): App\Controllers\Registrasi->detail('10')
 7 SYSTEMPATH\CodeIgniter.php(497): CodeIgniter\CodeIgniter->runController(Object(App\Controllers\Registrasi))
 8 SYSTEMPATH\CodeIgniter.php(366): CodeIgniter\CodeIgniter->handleRequest(null, Object(Config\Cache), false)
 9 FCPATH\index.php(67): CodeIgniter\CodeIgniter->run()
10 SYSTEMPATH\Commands\Server\rewrite.php(47): require_once('D:\\VITO\\KKP\\kkp-radhya\\public\\index.php')
INFO - 2023-08-05 07:42:21 --> Session: Class initialized using 'CodeIgniter\Session\Handlers\FileHandler' driver.
INFO - 2023-08-05 07:42:30 --> Session: Class initialized using 'CodeIgniter\Session\Handlers\FileHandler' driver.
INFO - 2023-08-05 07:42:52 --> Session: Class initialized using 'CodeIgniter\Session\Handlers\FileHandler' driver.
INFO - 2023-08-05 07:43:08 --> Session: Class initialized using 'CodeIgniter\Session\Handlers\FileHandler' driver.
INFO - 2023-08-05 07:43:46 --> Session: Class initialized using 'CodeIgniter\Session\Handlers\FileHandler' driver.
INFO - 2023-08-05 07:44:06 --> Session: Class initialized using 'CodeIgniter\Session\Handlers\FileHandler' driver.
INFO - 2023-08-05 07:45:10 --> Session: Class initialized using 'CodeIgniter\Session\Handlers\FileHandler' driver.
INFO - 2023-08-05 07:45:25 --> Session: Class initialized using 'CodeIgniter\Session\Handlers\FileHandler' driver.
INFO - 2023-08-05 07:45:47 --> Session: Class initialized using 'CodeIgniter\Session\Handlers\FileHandler' driver.
INFO - 2023-08-05 07:45:58 --> Session: Class initialized using 'CodeIgniter\Session\Handlers\FileHandler' driver.
INFO - 2023-08-05 07:46:16 --> Session: Class initialized using 'CodeIgniter\Session\Handlers\FileHandler' driver.
INFO - 2023-08-05 07:46:17 --> Session: Class initialized using 'CodeIgniter\Session\Handlers\FileHandler' driver.
INFO - 2023-08-05 07:46:33 --> Session: Class initialized using 'CodeIgniter\Session\Handlers\FileHandler' driver.
INFO - 2023-08-05 07:46:38 --> Session: Class initialized using 'CodeIgniter\Session\Handlers\FileHandler' driver.
INFO - 2023-08-05 07:46:50 --> Session: Class initialized using 'CodeIgniter\Session\Handlers\FileHandler' driver.
INFO - 2023-08-05 07:47:05 --> Session: Class initialized using 'CodeIgniter\Session\Handlers\FileHandler' driver.
INFO - 2023-08-05 07:47:15 --> Session: Class initialized using 'CodeIgniter\Session\Handlers\FileHandler' driver.
INFO - 2023-08-05 07:48:25 --> Session: Class initialized using 'CodeIgniter\Session\Handlers\FileHandler' driver.
INFO - 2023-08-05 07:49:40 --> Session: Class initialized using 'CodeIgniter\Session\Handlers\FileHandler' driver.
INFO - 2023-08-05 07:49:41 --> Session: Class initialized using 'CodeIgniter\Session\Handlers\FileHandler' driver.
INFO - 2023-08-05 07:49:43 --> Session: Class initialized using 'CodeIgniter\Session\Handlers\FileHandler' driver.
