CRITICAL - 2023-08-04 15:25:18 --> Class 'Locale' not found
in SYSTEMPATH\CodeIgniter.php on line 195.
 1 ROOTPATH\spark(83): CodeIgniter\CodeIgniter->initialize()
CRITICAL - 2023-08-04 15:25:31 --> Class 'Locale' not found
in SYSTEMPATH\CodeIgniter.php on line 195.
 1 ROOTPATH\spark(83): CodeIgniter\CodeIgniter->initialize()
CRITICAL - 2023-08-04 15:27:44 --> Class 'Locale' not found
in SYSTEMPATH\CodeIgniter.php on line 195.
 1 ROOTPATH\spark(83): CodeIgniter\CodeIgniter->initialize()
CRITICAL - 2023-08-04 15:27:47 --> Class 'Locale' not found
in SYSTEMPATH\CodeIgniter.php on line 195.
 1 ROOTPATH\spark(83): CodeIgniter\CodeIgniter->initialize()
CRITICAL - 2023-08-04 15:29:08 --> Class 'Locale' not found
in SYSTEMPATH\CodeIgniter.php on line 195.
 1 ROOTPATH\spark(83): CodeIgniter\CodeIgniter->initialize()
INFO - 2023-08-04 15:21:48 --> Session: Class initialized using 'CodeIgniter\Session\Handlers\FileHandler' driver.
INFO - 2023-08-04 15:22:19 --> Session: Class initialized using 'CodeIgniter\Session\Handlers\FileHandler' driver.
INFO - 2023-08-04 15:22:25 --> Session: Class initialized using 'CodeIgniter\Session\Handlers\FileHandler' driver.
INFO - 2023-08-04 15:25:02 --> Session: Class initialized using 'CodeIgniter\Session\Handlers\FileHandler' driver.
ERROR - 2023-08-04 16:26:11 --> Error connecting to the database: mysqli_sql_exception: Unknown database 'basket' in E:\pendaftaran-basket\vendor\codeigniter4\framework\system\Database\MySQLi\Connection.php:174
Stack trace:
#0 E:\pendaftaran-basket\vendor\codeigniter4\framework\system\Database\MySQLi\Connection.php(174): mysqli->real_connect('localhost', 'root', '', 'basket', 3306, '', 0)
#1 E:\pendaftaran-basket\vendor\codeigniter4\framework\system\Database\BaseConnection.php(391): CodeIgniter\Database\MySQLi\Connection->connect(false)
#2 E:\pendaftaran-basket\vendor\codeigniter4\framework\system\Database\BaseConnection.php(574): CodeIgniter\Database\BaseConnection->initialize()
#3 E:\pendaftaran-basket\vendor\codeigniter4\framework\system\Database\BaseConnection.php(1409): CodeIgniter\Database\BaseConnection->query('SHOW TABLES FRO...')
#4 E:\pendaftaran-basket\vendor\codeigniter4\framework\system\Database\BaseConnection.php(1428): CodeIgniter\Database\BaseConnection->listTables()
#5 E:\pendaftaran-basket\vendor\codeigniter4\framework\system\Database\MigrationRunner.php(768): CodeIgniter\Database\BaseConnection->tableExists('migrations')
#6 E:\pendaftaran-basket\vendor\codeigniter4\framework\system\Database\MigrationRunner.php(168): CodeIgniter\Database\MigrationRunner->ensureTable()
#7 E:\pendaftaran-basket\vendor\codeigniter4\framework\system\Commands\Database\Migrate.php(84): CodeIgniter\Database\MigrationRunner->latest(NULL)
#8 E:\pendaftaran-basket\vendor\codeigniter4\framework\system\CLI\Commands.php(65): CodeIgniter\Commands\Database\Migrate->run(Array)
#9 E:\pendaftaran-basket\vendor\codeigniter4\framework\system\CLI\Console.php(37): CodeIgniter\CLI\Commands->run('migrate', Array)
#10 E:\pendaftaran-basket\spark(97): CodeIgniter\CLI\Console->run()
#11 {main}

Next CodeIgniter\Database\Exceptions\DatabaseException: Unknown database 'basket' in E:\pendaftaran-basket\vendor\codeigniter4\framework\system\Database\MySQLi\Connection.php:218
Stack trace:
#0 E:\pendaftaran-basket\vendor\codeigniter4\framework\system\Database\BaseConnection.php(391): CodeIgniter\Database\MySQLi\Connection->connect(false)
#1 E:\pendaftaran-basket\vendor\codeigniter4\framework\system\Database\BaseConnection.php(574): CodeIgniter\Database\BaseConnection->initialize()
#2 E:\pendaftaran-basket\vendor\codeigniter4\framework\system\Database\BaseConnection.php(1409): CodeIgniter\Database\BaseConnection->query('SHOW TABLES FRO...')
#3 E:\pendaftaran-basket\vendor\codeigniter4\framework\system\Database\BaseConnection.php(1428): CodeIgniter\Database\BaseConnection->listTables()
#4 E:\pendaftaran-basket\vendor\codeigniter4\framework\system\Database\MigrationRunner.php(768): CodeIgniter\Database\BaseConnection->tableExists('migrations')
#5 E:\pendaftaran-basket\vendor\codeigniter4\framework\system\Database\MigrationRunner.php(168): CodeIgniter\Database\MigrationRunner->ensureTable()
#6 E:\pendaftaran-basket\vendor\codeigniter4\framework\system\Commands\Database\Migrate.php(84): CodeIgniter\Database\MigrationRunner->latest(NULL)
#7 E:\pendaftaran-basket\vendor\codeigniter4\framework\system\CLI\Commands.php(65): CodeIgniter\Commands\Database\Migrate->run(Array)
#8 E:\pendaftaran-basket\vendor\codeigniter4\framework\system\CLI\Console.php(37): CodeIgniter\CLI\Commands->run('migrate', Array)
#9 E:\pendaftaran-basket\spark(97): CodeIgniter\CLI\Console->run()
#10 {main}
CRITICAL - 2023-08-04 16:43:10 --> Undefined variable: jadwal
in APPPATH\Views\JadwalLatihan.php on line 14.
 1 APPPATH\Views\JadwalLatihan.php(14): CodeIgniter\Debug\Exceptions->errorHandler(8, 'Undefined variable: jadwal', 'E:\\pendaftaran-basket\\app\\Views\\JadwalLatihan.php', 14, [])
 2 SYSTEMPATH\View\View.php(224): include('E:\\pendaftaran-basket\\app\\Views\\JadwalLatihan.php')
 3 SYSTEMPATH\View\View.php(227): CodeIgniter\View\View->CodeIgniter\View\{closure}()
 4 SYSTEMPATH\Common.php(1176): CodeIgniter\View\View->render('JadwalLatihan', [], true)
 5 APPPATH\Controllers\Home.php(15): view('JadwalLatihan')
 6 SYSTEMPATH\CodeIgniter.php(932): App\Controllers\Home->jadwal()
 7 SYSTEMPATH\CodeIgniter.php(497): CodeIgniter\CodeIgniter->runController(Object(App\Controllers\Home))
 8 SYSTEMPATH\CodeIgniter.php(366): CodeIgniter\CodeIgniter->handleRequest(null, Object(Config\Cache), false)
 9 FCPATH\index.php(67): CodeIgniter\CodeIgniter->run()
10 SYSTEMPATH\Commands\Server\rewrite.php(47): require_once('E:\\pendaftaran-basket\\public\\index.php')
CRITICAL - 2023-08-04 16:44:27 --> Undefined variable: jadwal
in APPPATH\Views\JadwalLatihan.php on line 14.
 1 APPPATH\Views\JadwalLatihan.php(14): CodeIgniter\Debug\Exceptions->errorHandler(8, 'Undefined variable: jadwal', 'E:\\pendaftaran-basket\\app\\Views\\JadwalLatihan.php', 14, [])
 2 SYSTEMPATH\View\View.php(224): include('E:\\pendaftaran-basket\\app\\Views\\JadwalLatihan.php')
 3 SYSTEMPATH\View\View.php(227): CodeIgniter\View\View->CodeIgniter\View\{closure}()
 4 SYSTEMPATH\Common.php(1176): CodeIgniter\View\View->render('JadwalLatihan', [], true)
 5 APPPATH\Controllers\Home.php(15): view('JadwalLatihan')
 6 SYSTEMPATH\CodeIgniter.php(932): App\Controllers\Home->jadwal()
 7 SYSTEMPATH\CodeIgniter.php(497): CodeIgniter\CodeIgniter->runController(Object(App\Controllers\Home))
 8 SYSTEMPATH\CodeIgniter.php(366): CodeIgniter\CodeIgniter->handleRequest(null, Object(Config\Cache), false)
 9 FCPATH\index.php(67): CodeIgniter\CodeIgniter->run()
10 SYSTEMPATH\Commands\Server\rewrite.php(47): require_once('E:\\pendaftaran-basket\\public\\index.php')
CRITICAL - 2023-08-04 16:44:29 --> Undefined variable: jadwal
in APPPATH\Views\JadwalLatihan.php on line 14.
 1 APPPATH\Views\JadwalLatihan.php(14): CodeIgniter\Debug\Exceptions->errorHandler(8, 'Undefined variable: jadwal', 'E:\\pendaftaran-basket\\app\\Views\\JadwalLatihan.php', 14, [])
 2 SYSTEMPATH\View\View.php(224): include('E:\\pendaftaran-basket\\app\\Views\\JadwalLatihan.php')
 3 SYSTEMPATH\View\View.php(227): CodeIgniter\View\View->CodeIgniter\View\{closure}()
 4 SYSTEMPATH\Common.php(1176): CodeIgniter\View\View->render('JadwalLatihan', [], true)
 5 APPPATH\Controllers\Home.php(15): view('JadwalLatihan')
 6 SYSTEMPATH\CodeIgniter.php(932): App\Controllers\Home->jadwal()
 7 SYSTEMPATH\CodeIgniter.php(497): CodeIgniter\CodeIgniter->runController(Object(App\Controllers\Home))
 8 SYSTEMPATH\CodeIgniter.php(366): CodeIgniter\CodeIgniter->handleRequest(null, Object(Config\Cache), false)
 9 FCPATH\index.php(67): CodeIgniter\CodeIgniter->run()
10 SYSTEMPATH\Commands\Server\rewrite.php(47): require_once('E:\\pendaftaran-basket\\public\\index.php')
CRITICAL - 2023-08-04 16:44:33 --> Undefined variable: jadwal
in APPPATH\Views\JadwalLatihan.php on line 14.
 1 APPPATH\Views\JadwalLatihan.php(14): CodeIgniter\Debug\Exceptions->errorHandler(8, 'Undefined variable: jadwal', 'E:\\pendaftaran-basket\\app\\Views\\JadwalLatihan.php', 14, [])
 2 SYSTEMPATH\View\View.php(224): include('E:\\pendaftaran-basket\\app\\Views\\JadwalLatihan.php')
 3 SYSTEMPATH\View\View.php(227): CodeIgniter\View\View->CodeIgniter\View\{closure}()
 4 SYSTEMPATH\Common.php(1176): CodeIgniter\View\View->render('JadwalLatihan', [], true)
 5 APPPATH\Controllers\Home.php(15): view('JadwalLatihan')
 6 SYSTEMPATH\CodeIgniter.php(932): App\Controllers\Home->jadwal()
 7 SYSTEMPATH\CodeIgniter.php(497): CodeIgniter\CodeIgniter->runController(Object(App\Controllers\Home))
 8 SYSTEMPATH\CodeIgniter.php(366): CodeIgniter\CodeIgniter->handleRequest(null, Object(Config\Cache), false)
 9 FCPATH\index.php(67): CodeIgniter\CodeIgniter->run()
10 SYSTEMPATH\Commands\Server\rewrite.php(47): require_once('E:\\pendaftaran-basket\\public\\index.php')
